<2016-03-17 00:01:06> model.py[line:46] message:"create matrix for 8 users and 7 items" [INFO]
<2016-03-17 00:01:06> model.py[line:50] message:"PROGRESS: at user_id #0/8" [DEBUG]
<2016-03-17 00:01:06> model.py[line:50] message:"PROGRESS: at user_id #2/8" [DEBUG]
<2016-03-17 00:01:06> model.py[line:50] message:"PROGRESS: at user_id #4/8" [DEBUG]
<2016-03-17 00:01:06> model.py[line:50] message:"PROGRESS: at user_id #6/8" [DEBUG]
<2016-03-17 00:01:06> PCC_similarity.py[line:133] message:"KKK[]" [INFO]
<2016-03-17 00:01:06> PCC_similarity.py[line:134] message:"Just My Luck[]" [INFO]
<2016-03-17 00:01:06> PCC_similarity.py[line:135] message:"[]" [INFO]
<2016-03-17 00:01:06> PCC_similarity.py[line:133] message:"KKK[ 4.]" [INFO]
<2016-03-17 00:01:06> PCC_similarity.py[line:134] message:"KKK[ 4.]" [INFO]
<2016-03-17 00:01:06> PCC_similarity.py[line:135] message:"['Maria Gabriela']" [INFO]
<2016-03-17 00:01:06> PCC_similarity.py[line:133] message:"KKK[]" [INFO]
<2016-03-17 00:01:06> PCC_similarity.py[line:134] message:"Lady in the Water[]" [INFO]
<2016-03-17 00:01:06> PCC_similarity.py[line:135] message:"[]" [INFO]
<2016-03-17 00:01:06> PCC_similarity.py[line:133] message:"KKK[]" [INFO]
<2016-03-17 00:01:06> PCC_similarity.py[line:134] message:"Snakes on a Plane[]" [INFO]
<2016-03-17 00:01:06> PCC_similarity.py[line:135] message:"[]" [INFO]
<2016-03-17 00:01:06> PCC_similarity.py[line:133] message:"KKK[]" [INFO]
<2016-03-17 00:01:06> PCC_similarity.py[line:134] message:"Superman Returns[]" [INFO]
<2016-03-17 00:01:06> PCC_similarity.py[line:135] message:"[]" [INFO]
<2016-03-17 00:01:06> PCC_similarity.py[line:133] message:"KKK[]" [INFO]
<2016-03-17 00:01:06> PCC_similarity.py[line:134] message:"The Night Listener[]" [INFO]
<2016-03-17 00:01:06> PCC_similarity.py[line:135] message:"[]" [INFO]
<2016-03-17 00:01:06> PCC_similarity.py[line:133] message:"KKK[]" [INFO]
<2016-03-17 00:01:06> PCC_similarity.py[line:134] message:"You, Me and Dupree[]" [INFO]
<2016-03-17 00:01:06> PCC_similarity.py[line:135] message:"[]" [INFO]
<2016-03-17 00:01:18> model.py[line:46] message:"create matrix for 8 users and 7 items" [INFO]
<2016-03-17 00:01:18> model.py[line:50] message:"PROGRESS: at user_id #0/8" [DEBUG]
<2016-03-17 00:01:18> model.py[line:50] message:"PROGRESS: at user_id #2/8" [DEBUG]
<2016-03-17 00:01:18> model.py[line:50] message:"PROGRESS: at user_id #4/8" [DEBUG]
<2016-03-17 00:01:18> model.py[line:50] message:"PROGRESS: at user_id #6/8" [DEBUG]
<2016-03-17 00:01:18> PCC_similarity.py[line:133] message:"KKK[]" [INFO]
<2016-03-17 00:01:18> PCC_similarity.py[line:134] message:"Just My Luck[]" [INFO]
<2016-03-17 00:01:18> PCC_similarity.py[line:135] message:"[]" [INFO]
<2016-03-17 00:01:18> PCC_similarity.py[line:133] message:"KKK[ 4.]" [INFO]
<2016-03-17 00:01:18> PCC_similarity.py[line:134] message:"KKK[ 4.]" [INFO]
<2016-03-17 00:01:18> PCC_similarity.py[line:135] message:"['Maria Gabriela']" [INFO]
<2016-03-17 00:01:18> PCC_similarity.py[line:133] message:"KKK[]" [INFO]
<2016-03-17 00:01:18> PCC_similarity.py[line:134] message:"Lady in the Water[]" [INFO]
<2016-03-17 00:01:18> PCC_similarity.py[line:135] message:"[]" [INFO]
<2016-03-17 00:01:18> PCC_similarity.py[line:133] message:"KKK[]" [INFO]
<2016-03-17 00:01:18> PCC_similarity.py[line:134] message:"Snakes on a Plane[]" [INFO]
<2016-03-17 00:01:18> PCC_similarity.py[line:135] message:"[]" [INFO]
<2016-03-17 00:01:18> PCC_similarity.py[line:133] message:"KKK[]" [INFO]
<2016-03-17 00:01:18> PCC_similarity.py[line:134] message:"Superman Returns[]" [INFO]
<2016-03-17 00:01:18> PCC_similarity.py[line:135] message:"[]" [INFO]
<2016-03-17 00:01:18> PCC_similarity.py[line:133] message:"KKK[]" [INFO]
<2016-03-17 00:01:18> PCC_similarity.py[line:134] message:"The Night Listener[]" [INFO]
<2016-03-17 00:01:18> PCC_similarity.py[line:135] message:"[]" [INFO]
<2016-03-17 00:01:18> PCC_similarity.py[line:133] message:"KKK[]" [INFO]
<2016-03-17 00:01:18> PCC_similarity.py[line:134] message:"You, Me and Dupree[]" [INFO]
<2016-03-17 00:01:18> PCC_similarity.py[line:135] message:"[]" [INFO]
<2016-03-17 00:01:44> model.py[line:46] message:"create matrix for 8 users and 7 items" [INFO]
<2016-03-17 00:01:44> model.py[line:50] message:"PROGRESS: at user_id #0/8" [DEBUG]
<2016-03-17 00:01:44> model.py[line:50] message:"PROGRESS: at user_id #2/8" [DEBUG]
<2016-03-17 00:01:44> model.py[line:50] message:"PROGRESS: at user_id #4/8" [DEBUG]
<2016-03-17 00:01:44> model.py[line:50] message:"PROGRESS: at user_id #6/8" [DEBUG]
<2016-03-17 00:02:10> model.py[line:46] message:"create matrix for 8 users and 7 items" [INFO]
<2016-03-17 00:02:10> model.py[line:50] message:"PROGRESS: at user_id #0/8" [DEBUG]
<2016-03-17 00:02:10> model.py[line:50] message:"PROGRESS: at user_id #2/8" [DEBUG]
<2016-03-17 00:02:10> model.py[line:50] message:"PROGRESS: at user_id #4/8" [DEBUG]
<2016-03-17 00:02:10> model.py[line:50] message:"PROGRESS: at user_id #6/8" [DEBUG]
<2016-03-17 00:02:10> PCC_similarity.py[line:133] message:"Just My Luck[ 3.   3.   1.5  2. ]" [INFO]
<2016-03-17 00:02:10> PCC_similarity.py[line:134] message:"Just My Luck[ 3.   3.   1.5  2. ]" [INFO]
<2016-03-17 00:02:10> PCC_similarity.py[line:135] message:"['Lorena Abreu' 'Marcel Caraciolo' 'Paola Pow' 'Steve Gates']" [INFO]
<2016-03-17 00:02:10> PCC_similarity.py[line:58] message:"average vect A : 2.375000 " [WARNING]
<2016-03-17 00:02:10> PCC_similarity.py[line:59] message:"average vect B : 2.375000 " [WARNING]
<2016-03-17 00:02:10> PCC_similarity.py[line:60] message:"1.687500 / sqrt(1.687500) * sqrt(1.687500) " [WARNING]
<2016-03-17 00:02:10> PCC_similarity.py[line:133] message:"Just My Luck[]" [INFO]
<2016-03-17 00:02:10> PCC_similarity.py[line:134] message:"KKK[]" [INFO]
<2016-03-17 00:02:10> PCC_similarity.py[line:135] message:"[]" [INFO]
<2016-03-17 00:02:10> PCC_similarity.py[line:133] message:"Just My Luck[ 3.   1.5  2. ]" [INFO]
<2016-03-17 00:02:10> PCC_similarity.py[line:134] message:"Lady in the Water[ 2.5  3.   3. ]" [INFO]
<2016-03-17 00:02:10> PCC_similarity.py[line:135] message:"['Marcel Caraciolo' 'Paola Pow' 'Steve Gates']" [INFO]
<2016-03-17 00:02:10> PCC_similarity.py[line:58] message:"average vect A : 2.375000 " [WARNING]
<2016-03-17 00:02:10> PCC_similarity.py[line:59] message:"average vect B : 2.800000 " [WARNING]
<2016-03-17 00:02:10> PCC_similarity.py[line:60] message:"-0.437500 / sqrt(1.296875) * sqrt(0.170000) " [WARNING]
<2016-03-17 00:02:10> PCC_similarity.py[line:133] message:"Just My Luck[ 3.   3.   1.5  2. ]" [INFO]
<2016-03-17 00:02:10> PCC_similarity.py[line:134] message:"Snakes on a Plane[ 3.5  3.5  3.5  4. ]" [INFO]
<2016-03-17 00:02:10> PCC_similarity.py[line:135] message:"['Lorena Abreu' 'Marcel Caraciolo' 'Paola Pow' 'Steve Gates']" [INFO]
<2016-03-17 00:02:10> PCC_similarity.py[line:58] message:"average vect A : 2.375000 " [WARNING]
<2016-03-17 00:02:10> PCC_similarity.py[line:59] message:"average vect B : 3.714286 " [WARNING]
<2016-03-17 00:02:10> PCC_similarity.py[line:60] message:"-0.187500 / sqrt(1.687500) * sqrt(0.219388) " [WARNING]
<2016-03-17 00:02:10> PCC_similarity.py[line:133] message:"Just My Luck[ 3.   3.   1.5  2. ]" [INFO]
<2016-03-17 00:02:10> PCC_similarity.py[line:134] message:"Superman Returns[ 4.   3.5  5.   3. ]" [INFO]
<2016-03-17 00:02:10> PCC_similarity.py[line:135] message:"['Lorena Abreu' 'Marcel Caraciolo' 'Paola Pow' 'Steve Gates']" [INFO]
<2016-03-17 00:02:10> PCC_similarity.py[line:58] message:"average vect A : 2.375000 " [WARNING]
<2016-03-17 00:02:10> PCC_similarity.py[line:59] message:"average vect B : 4.000000 " [WARNING]
<2016-03-17 00:02:10> PCC_similarity.py[line:60] message:"-0.812500 / sqrt(1.687500) * sqrt(2.250000) " [WARNING]
<2016-03-17 00:02:10> PCC_similarity.py[line:133] message:"Just My Luck[ 3.   3.   1.5  2. ]" [INFO]
<2016-03-17 00:02:10> PCC_similarity.py[line:134] message:"The Night Listener[ 4.5  3.   3.   3. ]" [INFO]
<2016-03-17 00:02:10> PCC_similarity.py[line:135] message:"['Lorena Abreu' 'Marcel Caraciolo' 'Paola Pow' 'Steve Gates']" [INFO]
<2016-03-17 00:02:10> PCC_similarity.py[line:58] message:"average vect A : 2.375000 " [WARNING]
<2016-03-17 00:02:10> PCC_similarity.py[line:59] message:"average vect B : 3.416667 " [WARNING]
<2016-03-17 00:02:10> PCC_similarity.py[line:60] message:"0.937500 / sqrt(1.687500) * sqrt(1.694444) " [WARNING]
<2016-03-17 00:02:10> PCC_similarity.py[line:133] message:"Just My Luck[ 3.   3.   1.5  2. ]" [INFO]
<2016-03-17 00:02:10> PCC_similarity.py[line:134] message:"You, Me and Dupree[ 2.5  2.5  3.5  2. ]" [INFO]
<2016-03-17 00:02:10> PCC_similarity.py[line:135] message:"['Lorena Abreu' 'Marcel Caraciolo' 'Paola Pow' 'Steve Gates']" [INFO]
<2016-03-17 00:02:10> PCC_similarity.py[line:58] message:"average vect A : 2.375000 " [WARNING]
<2016-03-17 00:02:10> PCC_similarity.py[line:59] message:"average vect B : 2.500000 " [WARNING]
<2016-03-17 00:02:10> PCC_similarity.py[line:60] message:"-0.687500 / sqrt(1.687500) * sqrt(1.250000) " [WARNING]
<2016-03-17 00:06:35> model.py[line:46] message:"create matrix for 8 users and 7 items" [INFO]
<2016-03-17 00:06:35> model.py[line:50] message:"PROGRESS: at user_id #0/8" [DEBUG]
<2016-03-17 00:06:35> model.py[line:50] message:"PROGRESS: at user_id #2/8" [DEBUG]
<2016-03-17 00:06:35> model.py[line:50] message:"PROGRESS: at user_id #4/8" [DEBUG]
<2016-03-17 00:06:35> model.py[line:50] message:"PROGRESS: at user_id #6/8" [DEBUG]
<2016-03-17 00:06:35> PCC_similarity.py[line:89] message:"[ 3.  4.  5.  3.]" [INFO]
<2016-03-17 00:06:35> PCC_similarity.py[line:90] message:"[ 2.5  3.   3.5  4. ]" [INFO]
<2016-03-17 00:06:35> PCC_similarity.py[line:91] message:"['Lady in the Water' 'Snakes on a Plane' 'Superman Returns'
 'The Night Listener']" [INFO]
<2016-03-17 00:06:35> PCC_similarity.py[line:58] message:"average vect A : 3.700000 " [WARNING]
<2016-03-17 00:06:35> PCC_similarity.py[line:59] message:"average vect B : 3.250000 " [WARNING]
<2016-03-17 00:06:35> PCC_similarity.py[line:60] message:"0.250000 / sqrt(2.760000) * sqrt(1.250000) " [WARNING]
<2016-03-17 00:06:35> PCC_similarity.py[line:89] message:"[ 4.   5.   3.   3.5]" [INFO]
<2016-03-17 00:06:35> PCC_similarity.py[line:90] message:"[ 3.5  4.   4.5  2.5]" [INFO]
<2016-03-17 00:06:35> PCC_similarity.py[line:91] message:"['Snakes on a Plane' 'Superman Returns' 'The Night Listener'
 'You, Me and Dupree']" [INFO]
<2016-03-17 00:06:35> PCC_similarity.py[line:58] message:"average vect A : 3.700000 " [WARNING]
<2016-03-17 00:06:35> PCC_similarity.py[line:59] message:"average vect B : 3.500000 " [WARNING]
<2016-03-17 00:06:35> PCC_similarity.py[line:60] message:"0.150000 / sqrt(2.310000) * sqrt(2.250000) " [WARNING]
<2016-03-17 00:06:35> PCC_similarity.py[line:89] message:"[ 3.   4.   5.   3.   3.5]" [INFO]
<2016-03-17 00:06:35> PCC_similarity.py[line:90] message:"[ 2.5  3.5  3.5  3.   2.5]" [INFO]
<2016-03-17 00:06:35> PCC_similarity.py[line:91] message:"['Lady in the Water' 'Snakes on a Plane' 'Superman Returns'
 'The Night Listener' 'You, Me and Dupree']" [INFO]
<2016-03-17 00:06:35> PCC_similarity.py[line:58] message:"average vect A : 3.700000 " [WARNING]
<2016-03-17 00:06:35> PCC_similarity.py[line:59] message:"average vect B : 3.000000 " [WARNING]
<2016-03-17 00:06:35> PCC_similarity.py[line:60] message:"1.250000 / sqrt(2.800000) * sqrt(1.000000) " [WARNING]
<2016-03-17 00:06:35> PCC_similarity.py[line:89] message:"[]" [INFO]
<2016-03-17 00:06:35> PCC_similarity.py[line:90] message:"[]" [INFO]
<2016-03-17 00:06:35> PCC_similarity.py[line:91] message:"[]" [INFO]
<2016-03-17 00:06:35> PCC_similarity.py[line:89] message:"[ 3.   4.   5.   3.   3.5]" [INFO]
<2016-03-17 00:06:35> PCC_similarity.py[line:90] message:"[ 3.   3.5  5.   3.   3.5]" [INFO]
<2016-03-17 00:06:35> PCC_similarity.py[line:91] message:"['Lady in the Water' 'Snakes on a Plane' 'Superman Returns'
 'The Night Listener' 'You, Me and Dupree']" [INFO]
<2016-03-17 00:06:35> PCC_similarity.py[line:58] message:"average vect A : 3.700000 " [WARNING]
<2016-03-17 00:06:35> PCC_similarity.py[line:59] message:"average vect B : 3.250000 " [WARNING]
<2016-03-17 00:06:35> PCC_similarity.py[line:60] message:"2.650000 / sqrt(2.800000) * sqrt(3.312500) " [WARNING]
<2016-03-17 00:06:35> PCC_similarity.py[line:89] message:"[ 4.   5.   3.5]" [INFO]
<2016-03-17 00:06:35> PCC_similarity.py[line:90] message:"[ 4.5  4.   1. ]" [INFO]
<2016-03-17 00:06:35> PCC_similarity.py[line:91] message:"['Snakes on a Plane' 'Superman Returns' 'You, Me and Dupree']" [INFO]
<2016-03-17 00:06:35> PCC_similarity.py[line:58] message:"average vect A : 3.700000 " [WARNING]
<2016-03-17 00:06:35> PCC_similarity.py[line:59] message:"average vect B : 3.166667 " [WARNING]
<2016-03-17 00:06:35> PCC_similarity.py[line:60] message:"1.916667 / sqrt(1.820000) * sqrt(7.166667) " [WARNING]
<2016-03-17 00:06:35> PCC_similarity.py[line:89] message:"[ 3.   4.   5.   3.   3.5]" [INFO]
<2016-03-17 00:06:35> PCC_similarity.py[line:90] message:"[ 3.   4.   5.   3.   3.5]" [INFO]
<2016-03-17 00:06:35> PCC_similarity.py[line:91] message:"['Lady in the Water' 'Snakes on a Plane' 'Superman Returns'
 'The Night Listener' 'You, Me and Dupree']" [INFO]
<2016-03-17 00:06:35> PCC_similarity.py[line:58] message:"average vect A : 3.700000 " [WARNING]
<2016-03-17 00:06:35> PCC_similarity.py[line:59] message:"average vect B : 3.700000 " [WARNING]
<2016-03-17 00:06:35> PCC_similarity.py[line:60] message:"2.800000 / sqrt(2.800000) * sqrt(2.800000) " [WARNING]
<2016-03-17 00:06:35> PCC_similarity.py[line:89] message:"[ 3.   4.   5.   3.   3.5]" [INFO]
<2016-03-17 00:06:35> PCC_similarity.py[line:90] message:"[ 3.  4.  3.  3.  2.]" [INFO]
<2016-03-17 00:06:35> PCC_similarity.py[line:91] message:"['Lady in the Water' 'Snakes on a Plane' 'Superman Returns'
 'The Night Listener' 'You, Me and Dupree']" [INFO]
<2016-03-17 00:06:35> PCC_similarity.py[line:58] message:"average vect A : 3.700000 " [WARNING]
<2016-03-17 00:06:35> PCC_similarity.py[line:59] message:"average vect B : 2.833333 " [WARNING]
<2016-03-17 00:06:35> PCC_similarity.py[line:60] message:"0.500000 / sqrt(2.800000) * sqrt(2.138889) " [WARNING]
<2016-03-17 00:06:35> PCC_similarity.py[line:133] message:"Just My Luck[ 3.   3.   1.5  2. ]" [INFO]
<2016-03-17 00:06:35> PCC_similarity.py[line:134] message:"Just My Luck[ 3.   3.   1.5  2. ]" [INFO]
<2016-03-17 00:06:35> PCC_similarity.py[line:135] message:"['Lorena Abreu' 'Marcel Caraciolo' 'Paola Pow' 'Steve Gates']" [INFO]
<2016-03-17 00:06:35> PCC_similarity.py[line:58] message:"average vect A : 2.375000 " [WARNING]
<2016-03-17 00:06:35> PCC_similarity.py[line:59] message:"average vect B : 2.375000 " [WARNING]
<2016-03-17 00:06:35> PCC_similarity.py[line:60] message:"1.687500 / sqrt(1.687500) * sqrt(1.687500) " [WARNING]
<2016-03-17 00:06:35> PCC_similarity.py[line:133] message:"Just My Luck[]" [INFO]
<2016-03-17 00:06:35> PCC_similarity.py[line:134] message:"KKK[]" [INFO]
<2016-03-17 00:06:35> PCC_similarity.py[line:135] message:"[]" [INFO]
<2016-03-17 00:06:35> PCC_similarity.py[line:133] message:"Just My Luck[ 3.   1.5  2. ]" [INFO]
<2016-03-17 00:06:35> PCC_similarity.py[line:134] message:"Lady in the Water[ 2.5  3.   3. ]" [INFO]
<2016-03-17 00:06:35> PCC_similarity.py[line:135] message:"['Marcel Caraciolo' 'Paola Pow' 'Steve Gates']" [INFO]
<2016-03-17 00:06:35> PCC_similarity.py[line:58] message:"average vect A : 2.375000 " [WARNING]
<2016-03-17 00:06:35> PCC_similarity.py[line:59] message:"average vect B : 2.800000 " [WARNING]
<2016-03-17 00:06:35> PCC_similarity.py[line:60] message:"-0.437500 / sqrt(1.296875) * sqrt(0.170000) " [WARNING]
<2016-03-17 00:06:35> PCC_similarity.py[line:133] message:"Just My Luck[ 3.   3.   1.5  2. ]" [INFO]
<2016-03-17 00:06:35> PCC_similarity.py[line:134] message:"Snakes on a Plane[ 3.5  3.5  3.5  4. ]" [INFO]
<2016-03-17 00:06:35> PCC_similarity.py[line:135] message:"['Lorena Abreu' 'Marcel Caraciolo' 'Paola Pow' 'Steve Gates']" [INFO]
<2016-03-17 00:06:35> PCC_similarity.py[line:58] message:"average vect A : 2.375000 " [WARNING]
<2016-03-17 00:06:35> PCC_similarity.py[line:59] message:"average vect B : 3.714286 " [WARNING]
<2016-03-17 00:06:35> PCC_similarity.py[line:60] message:"-0.187500 / sqrt(1.687500) * sqrt(0.219388) " [WARNING]
<2016-03-17 00:06:35> PCC_similarity.py[line:133] message:"Just My Luck[ 3.   3.   1.5  2. ]" [INFO]
<2016-03-17 00:06:35> PCC_similarity.py[line:134] message:"Superman Returns[ 4.   3.5  5.   3. ]" [INFO]
<2016-03-17 00:06:35> PCC_similarity.py[line:135] message:"['Lorena Abreu' 'Marcel Caraciolo' 'Paola Pow' 'Steve Gates']" [INFO]
<2016-03-17 00:06:35> PCC_similarity.py[line:58] message:"average vect A : 2.375000 " [WARNING]
<2016-03-17 00:06:35> PCC_similarity.py[line:59] message:"average vect B : 4.000000 " [WARNING]
<2016-03-17 00:06:35> PCC_similarity.py[line:60] message:"-0.812500 / sqrt(1.687500) * sqrt(2.250000) " [WARNING]
<2016-03-17 00:06:35> PCC_similarity.py[line:133] message:"Just My Luck[ 3.   3.   1.5  2. ]" [INFO]
<2016-03-17 00:06:35> PCC_similarity.py[line:134] message:"The Night Listener[ 4.5  3.   3.   3. ]" [INFO]
<2016-03-17 00:06:35> PCC_similarity.py[line:135] message:"['Lorena Abreu' 'Marcel Caraciolo' 'Paola Pow' 'Steve Gates']" [INFO]
<2016-03-17 00:06:35> PCC_similarity.py[line:58] message:"average vect A : 2.375000 " [WARNING]
<2016-03-17 00:06:35> PCC_similarity.py[line:59] message:"average vect B : 3.416667 " [WARNING]
<2016-03-17 00:06:35> PCC_similarity.py[line:60] message:"0.937500 / sqrt(1.687500) * sqrt(1.694444) " [WARNING]
<2016-03-17 00:06:35> PCC_similarity.py[line:133] message:"Just My Luck[ 3.   3.   1.5  2. ]" [INFO]
<2016-03-17 00:06:35> PCC_similarity.py[line:134] message:"You, Me and Dupree[ 2.5  2.5  3.5  2. ]" [INFO]
<2016-03-17 00:06:35> PCC_similarity.py[line:135] message:"['Lorena Abreu' 'Marcel Caraciolo' 'Paola Pow' 'Steve Gates']" [INFO]
<2016-03-17 00:06:35> PCC_similarity.py[line:58] message:"average vect A : 2.375000 " [WARNING]
<2016-03-17 00:06:35> PCC_similarity.py[line:59] message:"average vect B : 2.500000 " [WARNING]
<2016-03-17 00:06:35> PCC_similarity.py[line:60] message:"-0.687500 / sqrt(1.687500) * sqrt(1.250000) " [WARNING]
