<2016-03-16 10:03:59> model.py[line:46] message:"create matrix for 8 users and 7 items" [INFO]
<2016-03-16 10:03:59> model.py[line:50] message:"PROGRESS: at user_id #0/8" [DEBUG]
<2016-03-16 10:03:59> model.py[line:50] message:"PROGRESS: at user_id #2/8" [DEBUG]
<2016-03-16 10:03:59> model.py[line:50] message:"PROGRESS: at user_id #4/8" [DEBUG]
<2016-03-16 10:03:59> model.py[line:50] message:"PROGRESS: at user_id #6/8" [DEBUG]
<2016-03-16 10:03:59> PCC_similarity.py[line:133] message:"Snakes on a Plane[ 3.5  3.5  3.5  4. ]" [INFO]
<2016-03-16 10:03:59> PCC_similarity.py[line:134] message:"Just My Luck[ 3.   3.   1.5  2. ]" [INFO]
<2016-03-16 10:03:59> PCC_similarity.py[line:135] message:"['Lorena Abreu' 'Marcel Caraciolo' 'Paola Pow' 'Steve Gates']" [INFO]
<2016-03-16 10:03:59> PCC_similarity.py[line:58] message:"average vect A : 3.714286 " [WARNING]
<2016-03-16 10:03:59> PCC_similarity.py[line:59] message:"average vect B : 2.375000 " [WARNING]
<2016-03-16 10:03:59> PCC_similarity.py[line:60] message:"-0.187500 / sqrt(0.219388) * sqrt(1.687500) " [WARNING]
<2016-03-16 10:03:59> PCC_similarity.py[line:133] message:"Snakes on a Plane[]" [INFO]
<2016-03-16 10:03:59> PCC_similarity.py[line:134] message:"KKK[]" [INFO]
<2016-03-16 10:03:59> PCC_similarity.py[line:135] message:"[]" [INFO]
<2016-03-16 10:03:59> PCC_similarity.py[line:133] message:"Snakes on a Plane[ 3.   3.5  3.5  4.   4. ]" [INFO]
<2016-03-16 10:03:59> PCC_similarity.py[line:134] message:"Lady in the Water[ 2.5  2.5  3.   3.   3. ]" [INFO]
<2016-03-16 10:03:59> PCC_similarity.py[line:135] message:"['Leopoldo Pires' 'Marcel Caraciolo' 'Paola Pow' 'Sheldom' 'Steve Gates']" [INFO]
<2016-03-16 10:03:59> PCC_similarity.py[line:58] message:"average vect A : 3.714286 " [WARNING]
<2016-03-16 10:03:59> PCC_similarity.py[line:59] message:"average vect B : 2.800000 " [WARNING]
<2016-03-16 10:03:59> PCC_similarity.py[line:60] message:"0.350000 / sqrt(0.765306) * sqrt(0.300000) " [WARNING]
<2016-03-16 10:03:59> PCC_similarity.py[line:133] message:"Snakes on a Plane[ 3.   3.5  3.5  3.5  4.5  4.   4. ]" [INFO]
<2016-03-16 10:03:59> PCC_similarity.py[line:134] message:"Snakes on a Plane[ 3.   3.5  3.5  3.5  4.5  4.   4. ]" [INFO]
<2016-03-16 10:03:59> PCC_similarity.py[line:135] message:"['Leopoldo Pires' 'Lorena Abreu' 'Marcel Caraciolo' 'Paola Pow'
 'Penny Frewman' 'Sheldom' 'Steve Gates']" [INFO]
<2016-03-16 10:03:59> PCC_similarity.py[line:58] message:"average vect A : 3.714286 " [WARNING]
<2016-03-16 10:03:59> PCC_similarity.py[line:59] message:"average vect B : 3.714286 " [WARNING]
<2016-03-16 10:03:59> PCC_similarity.py[line:60] message:"1.428571 / sqrt(1.428571) * sqrt(1.428571) " [WARNING]
<2016-03-16 10:03:59> PCC_similarity.py[line:133] message:"Snakes on a Plane[ 3.   3.5  3.5  3.5  4.5  4.   4. ]" [INFO]
<2016-03-16 10:03:59> PCC_similarity.py[line:134] message:"Superman Returns[ 3.5  4.   3.5  5.   4.   5.   3. ]" [INFO]
<2016-03-16 10:03:59> PCC_similarity.py[line:135] message:"['Leopoldo Pires' 'Lorena Abreu' 'Marcel Caraciolo' 'Paola Pow'
 'Penny Frewman' 'Sheldom' 'Steve Gates']" [INFO]
<2016-03-16 10:03:59> PCC_similarity.py[line:58] message:"average vect A : 3.714286 " [WARNING]
<2016-03-16 10:03:59> PCC_similarity.py[line:59] message:"average vect B : 4.000000 " [WARNING]
<2016-03-16 10:03:59> PCC_similarity.py[line:60] message:"0.250000 / sqrt(1.428571) * sqrt(3.500000) " [WARNING]
<2016-03-16 10:03:59> PCC_similarity.py[line:133] message:"Snakes on a Plane[ 3.   3.5  3.5  3.5  4.   4. ]" [INFO]
<2016-03-16 10:03:59> PCC_similarity.py[line:134] message:"The Night Listener[ 4.   4.5  3.   3.   3.   3. ]" [INFO]
<2016-03-16 10:03:59> PCC_similarity.py[line:135] message:"['Leopoldo Pires' 'Lorena Abreu' 'Marcel Caraciolo' 'Paola Pow' 'Sheldom'
 'Steve Gates']" [INFO]
<2016-03-16 10:03:59> PCC_similarity.py[line:58] message:"average vect A : 3.714286 " [WARNING]
<2016-03-16 10:03:59> PCC_similarity.py[line:59] message:"average vect B : 3.416667 " [WARNING]
<2016-03-16 10:03:59> PCC_similarity.py[line:60] message:"-0.708333 / sqrt(0.811224) * sqrt(2.208333) " [WARNING]
<2016-03-16 10:03:59> PCC_similarity.py[line:133] message:"Snakes on a Plane[ 3.5  3.5  3.5  4.5  4.   4. ]" [INFO]
<2016-03-16 10:03:59> PCC_similarity.py[line:134] message:"You, Me and Dupree[ 2.5  2.5  3.5  1.   3.5  2. ]" [INFO]
<2016-03-16 10:03:59> PCC_similarity.py[line:135] message:"['Lorena Abreu' 'Marcel Caraciolo' 'Paola Pow' 'Penny Frewman' 'Sheldom'
 'Steve Gates']" [INFO]
<2016-03-16 10:03:59> PCC_similarity.py[line:58] message:"average vect A : 3.714286 " [WARNING]
<2016-03-16 10:03:59> PCC_similarity.py[line:59] message:"average vect B : 2.500000 " [WARNING]
<2016-03-16 10:03:59> PCC_similarity.py[line:60] message:"-1.250000 / sqrt(0.918367) * sqrt(4.500000) " [WARNING]
<2016-03-16 23:07:59> model.py[line:46] message:"create matrix for 8 users and 7 items" [INFO]
<2016-03-16 23:07:59> model.py[line:50] message:"PROGRESS: at user_id #0/8" [DEBUG]
<2016-03-16 23:07:59> model.py[line:50] message:"PROGRESS: at user_id #2/8" [DEBUG]
<2016-03-16 23:07:59> model.py[line:50] message:"PROGRESS: at user_id #4/8" [DEBUG]
<2016-03-16 23:07:59> model.py[line:50] message:"PROGRESS: at user_id #6/8" [DEBUG]
<2016-03-16 23:07:59> PCC_similarity.py[line:89] message:"[]" [INFO]
<2016-03-16 23:07:59> PCC_similarity.py[line:90] message:"[]" [INFO]
<2016-03-16 23:07:59> PCC_similarity.py[line:91] message:"[]" [INFO]
<2016-03-16 23:07:59> PCC_similarity.py[line:89] message:"[]" [INFO]
<2016-03-16 23:07:59> PCC_similarity.py[line:90] message:"[]" [INFO]
<2016-03-16 23:07:59> PCC_similarity.py[line:91] message:"[]" [INFO]
<2016-03-16 23:07:59> PCC_similarity.py[line:89] message:"[]" [INFO]
<2016-03-16 23:07:59> PCC_similarity.py[line:90] message:"[]" [INFO]
<2016-03-16 23:07:59> PCC_similarity.py[line:91] message:"[]" [INFO]
<2016-03-16 23:07:59> PCC_similarity.py[line:89] message:"[ 4.]" [INFO]
<2016-03-16 23:07:59> PCC_similarity.py[line:90] message:"[ 4.]" [INFO]
<2016-03-16 23:07:59> PCC_similarity.py[line:91] message:"['KKK']" [INFO]
<2016-03-16 23:07:59> PCC_similarity.py[line:89] message:"[]" [INFO]
<2016-03-16 23:07:59> PCC_similarity.py[line:90] message:"[]" [INFO]
<2016-03-16 23:07:59> PCC_similarity.py[line:91] message:"[]" [INFO]
<2016-03-16 23:07:59> PCC_similarity.py[line:89] message:"[]" [INFO]
<2016-03-16 23:07:59> PCC_similarity.py[line:90] message:"[]" [INFO]
<2016-03-16 23:07:59> PCC_similarity.py[line:91] message:"[]" [INFO]
<2016-03-16 23:07:59> PCC_similarity.py[line:89] message:"[]" [INFO]
<2016-03-16 23:07:59> PCC_similarity.py[line:90] message:"[]" [INFO]
<2016-03-16 23:07:59> PCC_similarity.py[line:91] message:"[]" [INFO]
<2016-03-16 23:07:59> PCC_similarity.py[line:89] message:"[]" [INFO]
<2016-03-16 23:07:59> PCC_similarity.py[line:90] message:"[]" [INFO]
<2016-03-16 23:07:59> PCC_similarity.py[line:91] message:"[]" [INFO]
<2016-03-16 23:12:51> model.py[line:46] message:"create matrix for 8 users and 7 items" [INFO]
<2016-03-16 23:12:51> model.py[line:50] message:"PROGRESS: at user_id #0/8" [DEBUG]
<2016-03-16 23:12:51> model.py[line:50] message:"PROGRESS: at user_id #2/8" [DEBUG]
<2016-03-16 23:12:51> model.py[line:50] message:"PROGRESS: at user_id #4/8" [DEBUG]
<2016-03-16 23:12:51> model.py[line:50] message:"PROGRESS: at user_id #6/8" [DEBUG]
<2016-03-16 23:12:51> PCC_similarity.py[line:89] message:"[]" [INFO]
<2016-03-16 23:12:51> PCC_similarity.py[line:90] message:"[]" [INFO]
<2016-03-16 23:12:51> PCC_similarity.py[line:91] message:"[]" [INFO]
<2016-03-16 23:12:51> PCC_similarity.py[line:89] message:"[]" [INFO]
<2016-03-16 23:12:51> PCC_similarity.py[line:90] message:"[]" [INFO]
<2016-03-16 23:12:51> PCC_similarity.py[line:91] message:"[]" [INFO]
<2016-03-16 23:12:51> PCC_similarity.py[line:89] message:"[]" [INFO]
<2016-03-16 23:12:51> PCC_similarity.py[line:90] message:"[]" [INFO]
<2016-03-16 23:12:51> PCC_similarity.py[line:91] message:"[]" [INFO]
<2016-03-16 23:12:51> PCC_similarity.py[line:89] message:"[ 4.]" [INFO]
<2016-03-16 23:12:51> PCC_similarity.py[line:90] message:"[ 4.]" [INFO]
<2016-03-16 23:12:51> PCC_similarity.py[line:91] message:"['KKK']" [INFO]
<2016-03-16 23:12:51> PCC_similarity.py[line:89] message:"[]" [INFO]
<2016-03-16 23:12:51> PCC_similarity.py[line:90] message:"[]" [INFO]
<2016-03-16 23:12:51> PCC_similarity.py[line:91] message:"[]" [INFO]
<2016-03-16 23:12:51> PCC_similarity.py[line:89] message:"[]" [INFO]
<2016-03-16 23:12:51> PCC_similarity.py[line:90] message:"[]" [INFO]
<2016-03-16 23:12:51> PCC_similarity.py[line:91] message:"[]" [INFO]
<2016-03-16 23:12:51> PCC_similarity.py[line:89] message:"[]" [INFO]
<2016-03-16 23:12:51> PCC_similarity.py[line:90] message:"[]" [INFO]
<2016-03-16 23:12:51> PCC_similarity.py[line:91] message:"[]" [INFO]
<2016-03-16 23:12:51> PCC_similarity.py[line:89] message:"[]" [INFO]
<2016-03-16 23:12:51> PCC_similarity.py[line:90] message:"[]" [INFO]
<2016-03-16 23:12:51> PCC_similarity.py[line:91] message:"[]" [INFO]
<2016-03-16 23:13:43> model.py[line:46] message:"create matrix for 8 users and 7 items" [INFO]
<2016-03-16 23:13:43> model.py[line:50] message:"PROGRESS: at user_id #0/8" [DEBUG]
<2016-03-16 23:13:43> model.py[line:50] message:"PROGRESS: at user_id #2/8" [DEBUG]
<2016-03-16 23:13:43> model.py[line:50] message:"PROGRESS: at user_id #4/8" [DEBUG]
<2016-03-16 23:13:43> model.py[line:50] message:"PROGRESS: at user_id #6/8" [DEBUG]
<2016-03-16 23:13:43> PCC_similarity.py[line:89] message:"[]" [INFO]
<2016-03-16 23:13:43> PCC_similarity.py[line:90] message:"[]" [INFO]
<2016-03-16 23:13:43> PCC_similarity.py[line:91] message:"[]" [INFO]
<2016-03-16 23:13:43> PCC_similarity.py[line:89] message:"[]" [INFO]
<2016-03-16 23:13:43> PCC_similarity.py[line:90] message:"[]" [INFO]
<2016-03-16 23:13:43> PCC_similarity.py[line:91] message:"[]" [INFO]
<2016-03-16 23:13:43> PCC_similarity.py[line:89] message:"[]" [INFO]
<2016-03-16 23:13:43> PCC_similarity.py[line:90] message:"[]" [INFO]
<2016-03-16 23:13:43> PCC_similarity.py[line:91] message:"[]" [INFO]
<2016-03-16 23:13:43> PCC_similarity.py[line:89] message:"[ 4.]" [INFO]
<2016-03-16 23:13:43> PCC_similarity.py[line:90] message:"[ 4.]" [INFO]
<2016-03-16 23:13:43> PCC_similarity.py[line:91] message:"['KKK']" [INFO]
<2016-03-16 23:13:43> PCC_similarity.py[line:89] message:"[]" [INFO]
<2016-03-16 23:13:43> PCC_similarity.py[line:90] message:"[]" [INFO]
<2016-03-16 23:13:43> PCC_similarity.py[line:91] message:"[]" [INFO]
<2016-03-16 23:13:43> PCC_similarity.py[line:89] message:"[]" [INFO]
<2016-03-16 23:13:43> PCC_similarity.py[line:90] message:"[]" [INFO]
<2016-03-16 23:13:43> PCC_similarity.py[line:91] message:"[]" [INFO]
<2016-03-16 23:13:43> PCC_similarity.py[line:89] message:"[]" [INFO]
<2016-03-16 23:13:43> PCC_similarity.py[line:90] message:"[]" [INFO]
<2016-03-16 23:13:43> PCC_similarity.py[line:91] message:"[]" [INFO]
<2016-03-16 23:13:43> PCC_similarity.py[line:89] message:"[]" [INFO]
<2016-03-16 23:13:43> PCC_similarity.py[line:90] message:"[]" [INFO]
<2016-03-16 23:13:43> PCC_similarity.py[line:91] message:"[]" [INFO]
<2016-03-16 23:14:00> model.py[line:46] message:"create matrix for 8 users and 7 items" [INFO]
<2016-03-16 23:14:00> model.py[line:50] message:"PROGRESS: at user_id #0/8" [DEBUG]
<2016-03-16 23:14:00> model.py[line:50] message:"PROGRESS: at user_id #2/8" [DEBUG]
<2016-03-16 23:14:00> model.py[line:50] message:"PROGRESS: at user_id #4/8" [DEBUG]
<2016-03-16 23:14:00> model.py[line:50] message:"PROGRESS: at user_id #6/8" [DEBUG]
<2016-03-16 23:14:00> PCC_similarity.py[line:89] message:"[]" [INFO]
<2016-03-16 23:14:00> PCC_similarity.py[line:90] message:"[]" [INFO]
<2016-03-16 23:14:00> PCC_similarity.py[line:91] message:"[]" [INFO]
<2016-03-16 23:14:00> PCC_similarity.py[line:89] message:"[]" [INFO]
<2016-03-16 23:14:00> PCC_similarity.py[line:90] message:"[]" [INFO]
<2016-03-16 23:14:00> PCC_similarity.py[line:91] message:"[]" [INFO]
<2016-03-16 23:14:00> PCC_similarity.py[line:89] message:"[]" [INFO]
<2016-03-16 23:14:00> PCC_similarity.py[line:90] message:"[]" [INFO]
<2016-03-16 23:14:00> PCC_similarity.py[line:91] message:"[]" [INFO]
<2016-03-16 23:14:00> PCC_similarity.py[line:89] message:"[ 4.]" [INFO]
<2016-03-16 23:14:00> PCC_similarity.py[line:90] message:"[ 4.]" [INFO]
<2016-03-16 23:14:00> PCC_similarity.py[line:91] message:"['KKK']" [INFO]
<2016-03-16 23:14:00> PCC_similarity.py[line:89] message:"[]" [INFO]
<2016-03-16 23:14:00> PCC_similarity.py[line:90] message:"[]" [INFO]
<2016-03-16 23:14:00> PCC_similarity.py[line:91] message:"[]" [INFO]
<2016-03-16 23:14:00> PCC_similarity.py[line:89] message:"[]" [INFO]
<2016-03-16 23:14:00> PCC_similarity.py[line:90] message:"[]" [INFO]
<2016-03-16 23:14:00> PCC_similarity.py[line:91] message:"[]" [INFO]
<2016-03-16 23:14:00> PCC_similarity.py[line:89] message:"[]" [INFO]
<2016-03-16 23:14:00> PCC_similarity.py[line:90] message:"[]" [INFO]
<2016-03-16 23:14:00> PCC_similarity.py[line:91] message:"[]" [INFO]
<2016-03-16 23:14:00> PCC_similarity.py[line:89] message:"[]" [INFO]
<2016-03-16 23:14:00> PCC_similarity.py[line:90] message:"[]" [INFO]
<2016-03-16 23:14:00> PCC_similarity.py[line:91] message:"[]" [INFO]
<2016-03-16 23:14:20> model.py[line:46] message:"create matrix for 8 users and 7 items" [INFO]
<2016-03-16 23:14:20> model.py[line:50] message:"PROGRESS: at user_id #0/8" [DEBUG]
<2016-03-16 23:14:20> model.py[line:50] message:"PROGRESS: at user_id #2/8" [DEBUG]
<2016-03-16 23:14:20> model.py[line:50] message:"PROGRESS: at user_id #4/8" [DEBUG]
<2016-03-16 23:14:20> model.py[line:50] message:"PROGRESS: at user_id #6/8" [DEBUG]
<2016-03-16 23:14:20> PCC_similarity.py[line:89] message:"[]" [INFO]
<2016-03-16 23:14:20> PCC_similarity.py[line:90] message:"[]" [INFO]
<2016-03-16 23:14:20> PCC_similarity.py[line:91] message:"[]" [INFO]
<2016-03-16 23:14:20> PCC_similarity.py[line:89] message:"[]" [INFO]
<2016-03-16 23:14:20> PCC_similarity.py[line:90] message:"[]" [INFO]
<2016-03-16 23:14:20> PCC_similarity.py[line:91] message:"[]" [INFO]
<2016-03-16 23:14:20> PCC_similarity.py[line:89] message:"[]" [INFO]
<2016-03-16 23:14:20> PCC_similarity.py[line:90] message:"[]" [INFO]
<2016-03-16 23:14:20> PCC_similarity.py[line:91] message:"[]" [INFO]
<2016-03-16 23:14:20> PCC_similarity.py[line:89] message:"[ 4.]" [INFO]
<2016-03-16 23:14:20> PCC_similarity.py[line:90] message:"[ 4.]" [INFO]
<2016-03-16 23:14:20> PCC_similarity.py[line:91] message:"['KKK']" [INFO]
<2016-03-16 23:14:20> PCC_similarity.py[line:89] message:"[]" [INFO]
<2016-03-16 23:14:20> PCC_similarity.py[line:90] message:"[]" [INFO]
<2016-03-16 23:14:20> PCC_similarity.py[line:91] message:"[]" [INFO]
<2016-03-16 23:14:20> PCC_similarity.py[line:89] message:"[]" [INFO]
<2016-03-16 23:14:20> PCC_similarity.py[line:90] message:"[]" [INFO]
<2016-03-16 23:14:20> PCC_similarity.py[line:91] message:"[]" [INFO]
<2016-03-16 23:14:20> PCC_similarity.py[line:89] message:"[]" [INFO]
<2016-03-16 23:14:20> PCC_similarity.py[line:90] message:"[]" [INFO]
<2016-03-16 23:14:20> PCC_similarity.py[line:91] message:"[]" [INFO]
<2016-03-16 23:14:20> PCC_similarity.py[line:89] message:"[]" [INFO]
<2016-03-16 23:14:20> PCC_similarity.py[line:90] message:"[]" [INFO]
<2016-03-16 23:14:20> PCC_similarity.py[line:91] message:"[]" [INFO]
<2016-03-16 23:15:02> model.py[line:46] message:"create matrix for 8 users and 7 items" [INFO]
<2016-03-16 23:15:02> model.py[line:50] message:"PROGRESS: at user_id #0/8" [DEBUG]
<2016-03-16 23:15:02> model.py[line:50] message:"PROGRESS: at user_id #2/8" [DEBUG]
<2016-03-16 23:15:02> model.py[line:50] message:"PROGRESS: at user_id #4/8" [DEBUG]
<2016-03-16 23:15:02> model.py[line:50] message:"PROGRESS: at user_id #6/8" [DEBUG]
<2016-03-16 23:15:02> PCC_similarity.py[line:89] message:"[]" [INFO]
<2016-03-16 23:15:02> PCC_similarity.py[line:90] message:"[]" [INFO]
<2016-03-16 23:15:02> PCC_similarity.py[line:91] message:"[]" [INFO]
<2016-03-16 23:15:02> PCC_similarity.py[line:89] message:"[]" [INFO]
<2016-03-16 23:15:02> PCC_similarity.py[line:90] message:"[]" [INFO]
<2016-03-16 23:15:02> PCC_similarity.py[line:91] message:"[]" [INFO]
<2016-03-16 23:15:02> PCC_similarity.py[line:89] message:"[]" [INFO]
<2016-03-16 23:15:02> PCC_similarity.py[line:90] message:"[]" [INFO]
<2016-03-16 23:15:02> PCC_similarity.py[line:91] message:"[]" [INFO]
<2016-03-16 23:15:02> PCC_similarity.py[line:89] message:"[ 4.]" [INFO]
<2016-03-16 23:15:02> PCC_similarity.py[line:90] message:"[ 4.]" [INFO]
<2016-03-16 23:15:02> PCC_similarity.py[line:91] message:"['KKK']" [INFO]
<2016-03-16 23:15:02> PCC_similarity.py[line:89] message:"[]" [INFO]
<2016-03-16 23:15:02> PCC_similarity.py[line:90] message:"[]" [INFO]
<2016-03-16 23:15:02> PCC_similarity.py[line:91] message:"[]" [INFO]
<2016-03-16 23:15:02> PCC_similarity.py[line:89] message:"[]" [INFO]
<2016-03-16 23:15:02> PCC_similarity.py[line:90] message:"[]" [INFO]
<2016-03-16 23:15:02> PCC_similarity.py[line:91] message:"[]" [INFO]
<2016-03-16 23:15:02> PCC_similarity.py[line:89] message:"[]" [INFO]
<2016-03-16 23:15:02> PCC_similarity.py[line:90] message:"[]" [INFO]
<2016-03-16 23:15:02> PCC_similarity.py[line:91] message:"[]" [INFO]
<2016-03-16 23:15:02> PCC_similarity.py[line:89] message:"[]" [INFO]
<2016-03-16 23:15:02> PCC_similarity.py[line:90] message:"[]" [INFO]
<2016-03-16 23:15:02> PCC_similarity.py[line:91] message:"[]" [INFO]
<2016-03-16 23:17:26> model.py[line:46] message:"create matrix for 8 users and 7 items" [INFO]
<2016-03-16 23:17:26> model.py[line:50] message:"PROGRESS: at user_id #0/8" [DEBUG]
<2016-03-16 23:17:26> model.py[line:50] message:"PROGRESS: at user_id #2/8" [DEBUG]
<2016-03-16 23:17:26> model.py[line:50] message:"PROGRESS: at user_id #4/8" [DEBUG]
<2016-03-16 23:17:26> model.py[line:50] message:"PROGRESS: at user_id #6/8" [DEBUG]
<2016-03-16 23:17:26> PCC_similarity.py[line:89] message:"[]" [INFO]
<2016-03-16 23:17:26> PCC_similarity.py[line:90] message:"[]" [INFO]
<2016-03-16 23:17:26> PCC_similarity.py[line:91] message:"[]" [INFO]
<2016-03-16 23:17:26> PCC_similarity.py[line:89] message:"[]" [INFO]
<2016-03-16 23:17:26> PCC_similarity.py[line:90] message:"[]" [INFO]
<2016-03-16 23:17:26> PCC_similarity.py[line:91] message:"[]" [INFO]
<2016-03-16 23:17:26> PCC_similarity.py[line:89] message:"[]" [INFO]
<2016-03-16 23:17:26> PCC_similarity.py[line:90] message:"[]" [INFO]
<2016-03-16 23:17:26> PCC_similarity.py[line:91] message:"[]" [INFO]
<2016-03-16 23:17:26> PCC_similarity.py[line:89] message:"[ 4.]" [INFO]
<2016-03-16 23:17:26> PCC_similarity.py[line:90] message:"[ 4.]" [INFO]
<2016-03-16 23:17:26> PCC_similarity.py[line:91] message:"['KKK']" [INFO]
<2016-03-16 23:17:26> PCC_similarity.py[line:89] message:"[]" [INFO]
<2016-03-16 23:17:26> PCC_similarity.py[line:90] message:"[]" [INFO]
<2016-03-16 23:17:26> PCC_similarity.py[line:91] message:"[]" [INFO]
<2016-03-16 23:17:26> PCC_similarity.py[line:89] message:"[]" [INFO]
<2016-03-16 23:17:26> PCC_similarity.py[line:90] message:"[]" [INFO]
<2016-03-16 23:17:26> PCC_similarity.py[line:91] message:"[]" [INFO]
<2016-03-16 23:17:26> PCC_similarity.py[line:89] message:"[]" [INFO]
<2016-03-16 23:17:26> PCC_similarity.py[line:90] message:"[]" [INFO]
<2016-03-16 23:17:26> PCC_similarity.py[line:91] message:"[]" [INFO]
<2016-03-16 23:17:26> PCC_similarity.py[line:89] message:"[]" [INFO]
<2016-03-16 23:17:26> PCC_similarity.py[line:90] message:"[]" [INFO]
<2016-03-16 23:17:26> PCC_similarity.py[line:91] message:"[]" [INFO]
<2016-03-16 23:17:26> PCC_similarity.py[line:133] message:"KKK[]" [INFO]
<2016-03-16 23:17:26> PCC_similarity.py[line:134] message:"Just My Luck[]" [INFO]
<2016-03-16 23:17:26> PCC_similarity.py[line:135] message:"[]" [INFO]
<2016-03-16 23:17:26> PCC_similarity.py[line:133] message:"KKK[ 4.]" [INFO]
<2016-03-16 23:17:26> PCC_similarity.py[line:134] message:"KKK[ 4.]" [INFO]
<2016-03-16 23:17:26> PCC_similarity.py[line:135] message:"['Maria Gabriela']" [INFO]
<2016-03-16 23:17:26> PCC_similarity.py[line:133] message:"KKK[]" [INFO]
<2016-03-16 23:17:26> PCC_similarity.py[line:134] message:"Lady in the Water[]" [INFO]
<2016-03-16 23:17:26> PCC_similarity.py[line:135] message:"[]" [INFO]
<2016-03-16 23:17:26> PCC_similarity.py[line:133] message:"KKK[]" [INFO]
<2016-03-16 23:17:26> PCC_similarity.py[line:134] message:"Snakes on a Plane[]" [INFO]
<2016-03-16 23:17:26> PCC_similarity.py[line:135] message:"[]" [INFO]
<2016-03-16 23:17:26> PCC_similarity.py[line:133] message:"KKK[]" [INFO]
<2016-03-16 23:17:26> PCC_similarity.py[line:134] message:"Superman Returns[]" [INFO]
<2016-03-16 23:17:26> PCC_similarity.py[line:135] message:"[]" [INFO]
<2016-03-16 23:17:26> PCC_similarity.py[line:133] message:"KKK[]" [INFO]
<2016-03-16 23:17:26> PCC_similarity.py[line:134] message:"The Night Listener[]" [INFO]
<2016-03-16 23:17:26> PCC_similarity.py[line:135] message:"[]" [INFO]
<2016-03-16 23:17:26> PCC_similarity.py[line:133] message:"KKK[]" [INFO]
<2016-03-16 23:17:26> PCC_similarity.py[line:134] message:"You, Me and Dupree[]" [INFO]
<2016-03-16 23:17:26> PCC_similarity.py[line:135] message:"[]" [INFO]
<2016-03-16 23:17:51> model.py[line:46] message:"create matrix for 8 users and 7 items" [INFO]
<2016-03-16 23:17:51> model.py[line:50] message:"PROGRESS: at user_id #0/8" [DEBUG]
<2016-03-16 23:17:51> model.py[line:50] message:"PROGRESS: at user_id #2/8" [DEBUG]
<2016-03-16 23:17:51> model.py[line:50] message:"PROGRESS: at user_id #4/8" [DEBUG]
<2016-03-16 23:17:51> model.py[line:50] message:"PROGRESS: at user_id #6/8" [DEBUG]
<2016-03-16 23:17:51> PCC_similarity.py[line:89] message:"[]" [INFO]
<2016-03-16 23:17:51> PCC_similarity.py[line:90] message:"[]" [INFO]
<2016-03-16 23:17:51> PCC_similarity.py[line:91] message:"[]" [INFO]
<2016-03-16 23:17:51> PCC_similarity.py[line:89] message:"[]" [INFO]
<2016-03-16 23:17:51> PCC_similarity.py[line:90] message:"[]" [INFO]
<2016-03-16 23:17:51> PCC_similarity.py[line:91] message:"[]" [INFO]
<2016-03-16 23:17:51> PCC_similarity.py[line:89] message:"[]" [INFO]
<2016-03-16 23:17:51> PCC_similarity.py[line:90] message:"[]" [INFO]
<2016-03-16 23:17:51> PCC_similarity.py[line:91] message:"[]" [INFO]
<2016-03-16 23:17:51> PCC_similarity.py[line:89] message:"[ 4.]" [INFO]
<2016-03-16 23:17:51> PCC_similarity.py[line:90] message:"[ 4.]" [INFO]
<2016-03-16 23:17:51> PCC_similarity.py[line:91] message:"['KKK']" [INFO]
<2016-03-16 23:17:51> PCC_similarity.py[line:89] message:"[]" [INFO]
<2016-03-16 23:17:51> PCC_similarity.py[line:90] message:"[]" [INFO]
<2016-03-16 23:17:51> PCC_similarity.py[line:91] message:"[]" [INFO]
<2016-03-16 23:17:51> PCC_similarity.py[line:89] message:"[]" [INFO]
<2016-03-16 23:17:51> PCC_similarity.py[line:90] message:"[]" [INFO]
<2016-03-16 23:17:51> PCC_similarity.py[line:91] message:"[]" [INFO]
<2016-03-16 23:17:51> PCC_similarity.py[line:89] message:"[]" [INFO]
<2016-03-16 23:17:51> PCC_similarity.py[line:90] message:"[]" [INFO]
<2016-03-16 23:17:51> PCC_similarity.py[line:91] message:"[]" [INFO]
<2016-03-16 23:17:51> PCC_similarity.py[line:89] message:"[]" [INFO]
<2016-03-16 23:17:51> PCC_similarity.py[line:90] message:"[]" [INFO]
<2016-03-16 23:17:51> PCC_similarity.py[line:91] message:"[]" [INFO]
<2016-03-16 23:17:51> PCC_similarity.py[line:133] message:"KKK[]" [INFO]
<2016-03-16 23:17:51> PCC_similarity.py[line:134] message:"Just My Luck[]" [INFO]
<2016-03-16 23:17:51> PCC_similarity.py[line:135] message:"[]" [INFO]
<2016-03-16 23:17:51> PCC_similarity.py[line:133] message:"KKK[ 4.]" [INFO]
<2016-03-16 23:17:51> PCC_similarity.py[line:134] message:"KKK[ 4.]" [INFO]
<2016-03-16 23:17:51> PCC_similarity.py[line:135] message:"['Maria Gabriela']" [INFO]
<2016-03-16 23:17:51> PCC_similarity.py[line:133] message:"KKK[]" [INFO]
<2016-03-16 23:17:51> PCC_similarity.py[line:134] message:"Lady in the Water[]" [INFO]
<2016-03-16 23:17:51> PCC_similarity.py[line:135] message:"[]" [INFO]
<2016-03-16 23:17:51> PCC_similarity.py[line:133] message:"KKK[]" [INFO]
<2016-03-16 23:17:51> PCC_similarity.py[line:134] message:"Snakes on a Plane[]" [INFO]
<2016-03-16 23:17:51> PCC_similarity.py[line:135] message:"[]" [INFO]
<2016-03-16 23:17:51> PCC_similarity.py[line:133] message:"KKK[]" [INFO]
<2016-03-16 23:17:51> PCC_similarity.py[line:134] message:"Superman Returns[]" [INFO]
<2016-03-16 23:17:51> PCC_similarity.py[line:135] message:"[]" [INFO]
<2016-03-16 23:17:51> PCC_similarity.py[line:133] message:"KKK[]" [INFO]
<2016-03-16 23:17:51> PCC_similarity.py[line:134] message:"The Night Listener[]" [INFO]
<2016-03-16 23:17:51> PCC_similarity.py[line:135] message:"[]" [INFO]
<2016-03-16 23:17:51> PCC_similarity.py[line:133] message:"KKK[]" [INFO]
<2016-03-16 23:17:51> PCC_similarity.py[line:134] message:"You, Me and Dupree[]" [INFO]
<2016-03-16 23:17:51> PCC_similarity.py[line:135] message:"[]" [INFO]
<2016-03-16 23:18:09> model.py[line:46] message:"create matrix for 8 users and 7 items" [INFO]
<2016-03-16 23:18:09> model.py[line:50] message:"PROGRESS: at user_id #0/8" [DEBUG]
<2016-03-16 23:18:09> model.py[line:50] message:"PROGRESS: at user_id #2/8" [DEBUG]
<2016-03-16 23:18:09> model.py[line:50] message:"PROGRESS: at user_id #4/8" [DEBUG]
<2016-03-16 23:18:09> model.py[line:50] message:"PROGRESS: at user_id #6/8" [DEBUG]
<2016-03-16 23:18:09> PCC_similarity.py[line:89] message:"[ 3.  4.  5.  3.]" [INFO]
<2016-03-16 23:18:09> PCC_similarity.py[line:90] message:"[ 2.5  3.   3.5  4. ]" [INFO]
<2016-03-16 23:18:09> PCC_similarity.py[line:91] message:"['Lady in the Water' 'Snakes on a Plane' 'Superman Returns'
 'The Night Listener']" [INFO]
<2016-03-16 23:18:09> PCC_similarity.py[line:58] message:"average vect A : 3.700000 " [WARNING]
<2016-03-16 23:18:09> PCC_similarity.py[line:59] message:"average vect B : 3.250000 " [WARNING]
<2016-03-16 23:18:09> PCC_similarity.py[line:60] message:"0.250000 / sqrt(2.760000) * sqrt(1.250000) " [WARNING]
<2016-03-16 23:18:09> PCC_similarity.py[line:89] message:"[ 4.   5.   3.   3.5]" [INFO]
<2016-03-16 23:18:09> PCC_similarity.py[line:90] message:"[ 3.5  4.   4.5  2.5]" [INFO]
<2016-03-16 23:18:09> PCC_similarity.py[line:91] message:"['Snakes on a Plane' 'Superman Returns' 'The Night Listener'
 'You, Me and Dupree']" [INFO]
<2016-03-16 23:18:09> PCC_similarity.py[line:58] message:"average vect A : 3.700000 " [WARNING]
<2016-03-16 23:18:09> PCC_similarity.py[line:59] message:"average vect B : 3.500000 " [WARNING]
<2016-03-16 23:18:09> PCC_similarity.py[line:60] message:"0.150000 / sqrt(2.310000) * sqrt(2.250000) " [WARNING]
<2016-03-16 23:18:09> PCC_similarity.py[line:89] message:"[ 3.   4.   5.   3.   3.5]" [INFO]
<2016-03-16 23:18:09> PCC_similarity.py[line:90] message:"[ 2.5  3.5  3.5  3.   2.5]" [INFO]
<2016-03-16 23:18:09> PCC_similarity.py[line:91] message:"['Lady in the Water' 'Snakes on a Plane' 'Superman Returns'
 'The Night Listener' 'You, Me and Dupree']" [INFO]
<2016-03-16 23:18:09> PCC_similarity.py[line:58] message:"average vect A : 3.700000 " [WARNING]
<2016-03-16 23:18:09> PCC_similarity.py[line:59] message:"average vect B : 3.000000 " [WARNING]
<2016-03-16 23:18:09> PCC_similarity.py[line:60] message:"1.250000 / sqrt(2.800000) * sqrt(1.000000) " [WARNING]
<2016-03-16 23:18:09> PCC_similarity.py[line:89] message:"[]" [INFO]
<2016-03-16 23:18:09> PCC_similarity.py[line:90] message:"[]" [INFO]
<2016-03-16 23:18:09> PCC_similarity.py[line:91] message:"[]" [INFO]
<2016-03-16 23:18:09> PCC_similarity.py[line:89] message:"[ 3.   4.   5.   3.   3.5]" [INFO]
<2016-03-16 23:18:09> PCC_similarity.py[line:90] message:"[ 3.   3.5  5.   3.   3.5]" [INFO]
<2016-03-16 23:18:09> PCC_similarity.py[line:91] message:"['Lady in the Water' 'Snakes on a Plane' 'Superman Returns'
 'The Night Listener' 'You, Me and Dupree']" [INFO]
<2016-03-16 23:18:09> PCC_similarity.py[line:58] message:"average vect A : 3.700000 " [WARNING]
<2016-03-16 23:18:09> PCC_similarity.py[line:59] message:"average vect B : 3.250000 " [WARNING]
<2016-03-16 23:18:09> PCC_similarity.py[line:60] message:"2.650000 / sqrt(2.800000) * sqrt(3.312500) " [WARNING]
<2016-03-16 23:18:09> PCC_similarity.py[line:89] message:"[ 4.   5.   3.5]" [INFO]
<2016-03-16 23:18:09> PCC_similarity.py[line:90] message:"[ 4.5  4.   1. ]" [INFO]
<2016-03-16 23:18:09> PCC_similarity.py[line:91] message:"['Snakes on a Plane' 'Superman Returns' 'You, Me and Dupree']" [INFO]
<2016-03-16 23:18:09> PCC_similarity.py[line:58] message:"average vect A : 3.700000 " [WARNING]
<2016-03-16 23:18:09> PCC_similarity.py[line:59] message:"average vect B : 3.166667 " [WARNING]
<2016-03-16 23:18:09> PCC_similarity.py[line:60] message:"1.916667 / sqrt(1.820000) * sqrt(7.166667) " [WARNING]
<2016-03-16 23:18:09> PCC_similarity.py[line:89] message:"[ 3.   4.   5.   3.   3.5]" [INFO]
<2016-03-16 23:18:09> PCC_similarity.py[line:90] message:"[ 3.   4.   5.   3.   3.5]" [INFO]
<2016-03-16 23:18:09> PCC_similarity.py[line:91] message:"['Lady in the Water' 'Snakes on a Plane' 'Superman Returns'
 'The Night Listener' 'You, Me and Dupree']" [INFO]
<2016-03-16 23:18:09> PCC_similarity.py[line:58] message:"average vect A : 3.700000 " [WARNING]
<2016-03-16 23:18:09> PCC_similarity.py[line:59] message:"average vect B : 3.700000 " [WARNING]
<2016-03-16 23:18:09> PCC_similarity.py[line:60] message:"2.800000 / sqrt(2.800000) * sqrt(2.800000) " [WARNING]
<2016-03-16 23:18:09> PCC_similarity.py[line:89] message:"[ 3.   4.   5.   3.   3.5]" [INFO]
<2016-03-16 23:18:09> PCC_similarity.py[line:90] message:"[ 3.  4.  3.  3.  2.]" [INFO]
<2016-03-16 23:18:09> PCC_similarity.py[line:91] message:"['Lady in the Water' 'Snakes on a Plane' 'Superman Returns'
 'The Night Listener' 'You, Me and Dupree']" [INFO]
<2016-03-16 23:18:09> PCC_similarity.py[line:58] message:"average vect A : 3.700000 " [WARNING]
<2016-03-16 23:18:09> PCC_similarity.py[line:59] message:"average vect B : 2.833333 " [WARNING]
<2016-03-16 23:18:09> PCC_similarity.py[line:60] message:"0.500000 / sqrt(2.800000) * sqrt(2.138889) " [WARNING]
<2016-03-16 23:18:09> PCC_similarity.py[line:133] message:"Just My Luck[ 3.   3.   1.5  2. ]" [INFO]
<2016-03-16 23:18:09> PCC_similarity.py[line:134] message:"Just My Luck[ 3.   3.   1.5  2. ]" [INFO]
<2016-03-16 23:18:09> PCC_similarity.py[line:135] message:"['Lorena Abreu' 'Marcel Caraciolo' 'Paola Pow' 'Steve Gates']" [INFO]
<2016-03-16 23:18:09> PCC_similarity.py[line:58] message:"average vect A : 2.375000 " [WARNING]
<2016-03-16 23:18:09> PCC_similarity.py[line:59] message:"average vect B : 2.375000 " [WARNING]
<2016-03-16 23:18:09> PCC_similarity.py[line:60] message:"1.687500 / sqrt(1.687500) * sqrt(1.687500) " [WARNING]
<2016-03-16 23:18:09> PCC_similarity.py[line:133] message:"Just My Luck[]" [INFO]
<2016-03-16 23:18:09> PCC_similarity.py[line:134] message:"KKK[]" [INFO]
<2016-03-16 23:18:09> PCC_similarity.py[line:135] message:"[]" [INFO]
<2016-03-16 23:18:09> PCC_similarity.py[line:133] message:"Just My Luck[ 3.   1.5  2. ]" [INFO]
<2016-03-16 23:18:09> PCC_similarity.py[line:134] message:"Lady in the Water[ 2.5  3.   3. ]" [INFO]
<2016-03-16 23:18:09> PCC_similarity.py[line:135] message:"['Marcel Caraciolo' 'Paola Pow' 'Steve Gates']" [INFO]
<2016-03-16 23:18:09> PCC_similarity.py[line:58] message:"average vect A : 2.375000 " [WARNING]
<2016-03-16 23:18:09> PCC_similarity.py[line:59] message:"average vect B : 2.800000 " [WARNING]
<2016-03-16 23:18:09> PCC_similarity.py[line:60] message:"-0.437500 / sqrt(1.296875) * sqrt(0.170000) " [WARNING]
<2016-03-16 23:18:09> PCC_similarity.py[line:133] message:"Just My Luck[ 3.   3.   1.5  2. ]" [INFO]
<2016-03-16 23:18:09> PCC_similarity.py[line:134] message:"Snakes on a Plane[ 3.5  3.5  3.5  4. ]" [INFO]
<2016-03-16 23:18:09> PCC_similarity.py[line:135] message:"['Lorena Abreu' 'Marcel Caraciolo' 'Paola Pow' 'Steve Gates']" [INFO]
<2016-03-16 23:18:09> PCC_similarity.py[line:58] message:"average vect A : 2.375000 " [WARNING]
<2016-03-16 23:18:09> PCC_similarity.py[line:59] message:"average vect B : 3.714286 " [WARNING]
<2016-03-16 23:18:09> PCC_similarity.py[line:60] message:"-0.187500 / sqrt(1.687500) * sqrt(0.219388) " [WARNING]
<2016-03-16 23:18:09> PCC_similarity.py[line:133] message:"Just My Luck[ 3.   3.   1.5  2. ]" [INFO]
<2016-03-16 23:18:09> PCC_similarity.py[line:134] message:"Superman Returns[ 4.   3.5  5.   3. ]" [INFO]
<2016-03-16 23:18:09> PCC_similarity.py[line:135] message:"['Lorena Abreu' 'Marcel Caraciolo' 'Paola Pow' 'Steve Gates']" [INFO]
<2016-03-16 23:18:09> PCC_similarity.py[line:58] message:"average vect A : 2.375000 " [WARNING]
<2016-03-16 23:18:09> PCC_similarity.py[line:59] message:"average vect B : 4.000000 " [WARNING]
<2016-03-16 23:18:09> PCC_similarity.py[line:60] message:"-0.812500 / sqrt(1.687500) * sqrt(2.250000) " [WARNING]
<2016-03-16 23:18:09> PCC_similarity.py[line:133] message:"Just My Luck[ 3.   3.   1.5  2. ]" [INFO]
<2016-03-16 23:18:09> PCC_similarity.py[line:134] message:"The Night Listener[ 4.5  3.   3.   3. ]" [INFO]
<2016-03-16 23:18:09> PCC_similarity.py[line:135] message:"['Lorena Abreu' 'Marcel Caraciolo' 'Paola Pow' 'Steve Gates']" [INFO]
<2016-03-16 23:18:09> PCC_similarity.py[line:58] message:"average vect A : 2.375000 " [WARNING]
<2016-03-16 23:18:09> PCC_similarity.py[line:59] message:"average vect B : 3.416667 " [WARNING]
<2016-03-16 23:18:09> PCC_similarity.py[line:60] message:"0.937500 / sqrt(1.687500) * sqrt(1.694444) " [WARNING]
<2016-03-16 23:18:09> PCC_similarity.py[line:133] message:"Just My Luck[ 3.   3.   1.5  2. ]" [INFO]
<2016-03-16 23:18:09> PCC_similarity.py[line:134] message:"You, Me and Dupree[ 2.5  2.5  3.5  2. ]" [INFO]
<2016-03-16 23:18:09> PCC_similarity.py[line:135] message:"['Lorena Abreu' 'Marcel Caraciolo' 'Paola Pow' 'Steve Gates']" [INFO]
<2016-03-16 23:18:09> PCC_similarity.py[line:58] message:"average vect A : 2.375000 " [WARNING]
<2016-03-16 23:18:09> PCC_similarity.py[line:59] message:"average vect B : 2.500000 " [WARNING]
<2016-03-16 23:18:09> PCC_similarity.py[line:60] message:"-0.687500 / sqrt(1.687500) * sqrt(1.250000) " [WARNING]
<2016-03-16 23:41:41> model.py[line:46] message:"create matrix for 8 users and 7 items" [INFO]
<2016-03-16 23:41:41> model.py[line:50] message:"PROGRESS: at user_id #0/8" [DEBUG]
<2016-03-16 23:41:41> model.py[line:50] message:"PROGRESS: at user_id #2/8" [DEBUG]
<2016-03-16 23:41:41> model.py[line:50] message:"PROGRESS: at user_id #4/8" [DEBUG]
<2016-03-16 23:41:41> model.py[line:50] message:"PROGRESS: at user_id #6/8" [DEBUG]
<2016-03-16 23:41:58> model.py[line:46] message:"create matrix for 8 users and 7 items" [INFO]
<2016-03-16 23:41:58> model.py[line:50] message:"PROGRESS: at user_id #0/8" [DEBUG]
<2016-03-16 23:41:58> model.py[line:50] message:"PROGRESS: at user_id #2/8" [DEBUG]
<2016-03-16 23:41:58> model.py[line:50] message:"PROGRESS: at user_id #4/8" [DEBUG]
<2016-03-16 23:41:58> model.py[line:50] message:"PROGRESS: at user_id #6/8" [DEBUG]
<2016-03-16 23:42:19> model.py[line:46] message:"create matrix for 8 users and 7 items" [INFO]
<2016-03-16 23:42:19> model.py[line:50] message:"PROGRESS: at user_id #0/8" [DEBUG]
<2016-03-16 23:42:19> model.py[line:50] message:"PROGRESS: at user_id #2/8" [DEBUG]
<2016-03-16 23:42:19> model.py[line:50] message:"PROGRESS: at user_id #4/8" [DEBUG]
<2016-03-16 23:42:19> model.py[line:50] message:"PROGRESS: at user_id #6/8" [DEBUG]
<2016-03-16 23:42:42> model.py[line:46] message:"create matrix for 8 users and 7 items" [INFO]
<2016-03-16 23:42:42> model.py[line:50] message:"PROGRESS: at user_id #0/8" [DEBUG]
<2016-03-16 23:42:42> model.py[line:50] message:"PROGRESS: at user_id #2/8" [DEBUG]
<2016-03-16 23:42:42> model.py[line:50] message:"PROGRESS: at user_id #4/8" [DEBUG]
<2016-03-16 23:42:42> model.py[line:50] message:"PROGRESS: at user_id #6/8" [DEBUG]
<2016-03-16 23:43:59> model.py[line:46] message:"create matrix for 8 users and 7 items" [INFO]
<2016-03-16 23:43:59> model.py[line:50] message:"PROGRESS: at user_id #0/8" [DEBUG]
<2016-03-16 23:43:59> model.py[line:50] message:"PROGRESS: at user_id #2/8" [DEBUG]
<2016-03-16 23:43:59> model.py[line:50] message:"PROGRESS: at user_id #4/8" [DEBUG]
<2016-03-16 23:43:59> model.py[line:50] message:"PROGRESS: at user_id #6/8" [DEBUG]
<2016-03-16 23:44:23> model.py[line:46] message:"create matrix for 8 users and 7 items" [INFO]
<2016-03-16 23:44:23> model.py[line:50] message:"PROGRESS: at user_id #0/8" [DEBUG]
<2016-03-16 23:44:23> model.py[line:50] message:"PROGRESS: at user_id #2/8" [DEBUG]
<2016-03-16 23:44:23> model.py[line:50] message:"PROGRESS: at user_id #4/8" [DEBUG]
<2016-03-16 23:44:23> model.py[line:50] message:"PROGRESS: at user_id #6/8" [DEBUG]
<2016-03-16 23:44:23> PCC_similarity.py[line:89] message:"[ 3.  4.  5.  3.]" [INFO]
<2016-03-16 23:44:23> PCC_similarity.py[line:90] message:"[ 2.5  3.   3.5  4. ]" [INFO]
<2016-03-16 23:44:23> PCC_similarity.py[line:91] message:"['Lady in the Water' 'Snakes on a Plane' 'Superman Returns'
 'The Night Listener']" [INFO]
<2016-03-16 23:44:23> PCC_similarity.py[line:58] message:"average vect A : 3.700000 " [WARNING]
<2016-03-16 23:44:23> PCC_similarity.py[line:59] message:"average vect B : 3.250000 " [WARNING]
<2016-03-16 23:44:23> PCC_similarity.py[line:60] message:"0.250000 / sqrt(2.760000) * sqrt(1.250000) " [WARNING]
<2016-03-16 23:44:23> PCC_similarity.py[line:89] message:"[ 4.   5.   3.   3.5]" [INFO]
<2016-03-16 23:44:23> PCC_similarity.py[line:90] message:"[ 3.5  4.   4.5  2.5]" [INFO]
<2016-03-16 23:44:23> PCC_similarity.py[line:91] message:"['Snakes on a Plane' 'Superman Returns' 'The Night Listener'
 'You, Me and Dupree']" [INFO]
<2016-03-16 23:44:23> PCC_similarity.py[line:58] message:"average vect A : 3.700000 " [WARNING]
<2016-03-16 23:44:23> PCC_similarity.py[line:59] message:"average vect B : 3.500000 " [WARNING]
<2016-03-16 23:44:23> PCC_similarity.py[line:60] message:"0.150000 / sqrt(2.310000) * sqrt(2.250000) " [WARNING]
<2016-03-16 23:44:23> PCC_similarity.py[line:89] message:"[ 3.   4.   5.   3.   3.5]" [INFO]
<2016-03-16 23:44:23> PCC_similarity.py[line:90] message:"[ 2.5  3.5  3.5  3.   2.5]" [INFO]
<2016-03-16 23:44:23> PCC_similarity.py[line:91] message:"['Lady in the Water' 'Snakes on a Plane' 'Superman Returns'
 'The Night Listener' 'You, Me and Dupree']" [INFO]
<2016-03-16 23:44:23> PCC_similarity.py[line:58] message:"average vect A : 3.700000 " [WARNING]
<2016-03-16 23:44:23> PCC_similarity.py[line:59] message:"average vect B : 3.000000 " [WARNING]
<2016-03-16 23:44:23> PCC_similarity.py[line:60] message:"1.250000 / sqrt(2.800000) * sqrt(1.000000) " [WARNING]
<2016-03-16 23:44:23> PCC_similarity.py[line:89] message:"[]" [INFO]
<2016-03-16 23:44:23> PCC_similarity.py[line:90] message:"[]" [INFO]
<2016-03-16 23:44:23> PCC_similarity.py[line:91] message:"[]" [INFO]
<2016-03-16 23:44:23> PCC_similarity.py[line:89] message:"[ 3.   4.   5.   3.   3.5]" [INFO]
<2016-03-16 23:44:23> PCC_similarity.py[line:90] message:"[ 3.   3.5  5.   3.   3.5]" [INFO]
<2016-03-16 23:44:23> PCC_similarity.py[line:91] message:"['Lady in the Water' 'Snakes on a Plane' 'Superman Returns'
 'The Night Listener' 'You, Me and Dupree']" [INFO]
<2016-03-16 23:44:23> PCC_similarity.py[line:58] message:"average vect A : 3.700000 " [WARNING]
<2016-03-16 23:44:23> PCC_similarity.py[line:59] message:"average vect B : 3.250000 " [WARNING]
<2016-03-16 23:44:23> PCC_similarity.py[line:60] message:"2.650000 / sqrt(2.800000) * sqrt(3.312500) " [WARNING]
<2016-03-16 23:44:23> PCC_similarity.py[line:89] message:"[ 4.   5.   3.5]" [INFO]
<2016-03-16 23:44:23> PCC_similarity.py[line:90] message:"[ 4.5  4.   1. ]" [INFO]
<2016-03-16 23:44:23> PCC_similarity.py[line:91] message:"['Snakes on a Plane' 'Superman Returns' 'You, Me and Dupree']" [INFO]
<2016-03-16 23:44:23> PCC_similarity.py[line:58] message:"average vect A : 3.700000 " [WARNING]
<2016-03-16 23:44:23> PCC_similarity.py[line:59] message:"average vect B : 3.166667 " [WARNING]
<2016-03-16 23:44:23> PCC_similarity.py[line:60] message:"1.916667 / sqrt(1.820000) * sqrt(7.166667) " [WARNING]
<2016-03-16 23:44:23> PCC_similarity.py[line:89] message:"[ 3.   4.   5.   3.   3.5]" [INFO]
<2016-03-16 23:44:23> PCC_similarity.py[line:90] message:"[ 3.   4.   5.   3.   3.5]" [INFO]
<2016-03-16 23:44:23> PCC_similarity.py[line:91] message:"['Lady in the Water' 'Snakes on a Plane' 'Superman Returns'
 'The Night Listener' 'You, Me and Dupree']" [INFO]
<2016-03-16 23:44:23> PCC_similarity.py[line:58] message:"average vect A : 3.700000 " [WARNING]
<2016-03-16 23:44:23> PCC_similarity.py[line:59] message:"average vect B : 3.700000 " [WARNING]
<2016-03-16 23:44:23> PCC_similarity.py[line:60] message:"2.800000 / sqrt(2.800000) * sqrt(2.800000) " [WARNING]
<2016-03-16 23:44:23> PCC_similarity.py[line:89] message:"[ 3.   4.   5.   3.   3.5]" [INFO]
<2016-03-16 23:44:23> PCC_similarity.py[line:90] message:"[ 3.  4.  3.  3.  2.]" [INFO]
<2016-03-16 23:44:23> PCC_similarity.py[line:91] message:"['Lady in the Water' 'Snakes on a Plane' 'Superman Returns'
 'The Night Listener' 'You, Me and Dupree']" [INFO]
<2016-03-16 23:44:23> PCC_similarity.py[line:58] message:"average vect A : 3.700000 " [WARNING]
<2016-03-16 23:44:23> PCC_similarity.py[line:59] message:"average vect B : 2.833333 " [WARNING]
<2016-03-16 23:44:23> PCC_similarity.py[line:60] message:"0.500000 / sqrt(2.800000) * sqrt(2.138889) " [WARNING]
<2016-03-16 23:44:56> model.py[line:46] message:"create matrix for 8 users and 7 items" [INFO]
<2016-03-16 23:44:56> model.py[line:50] message:"PROGRESS: at user_id #0/8" [DEBUG]
<2016-03-16 23:44:56> model.py[line:50] message:"PROGRESS: at user_id #2/8" [DEBUG]
<2016-03-16 23:44:56> model.py[line:50] message:"PROGRESS: at user_id #4/8" [DEBUG]
<2016-03-16 23:44:56> model.py[line:50] message:"PROGRESS: at user_id #6/8" [DEBUG]
<2016-03-16 23:44:56> PCC_similarity.py[line:89] message:"[ 3.  4.  5.  3.]" [INFO]
<2016-03-16 23:44:56> PCC_similarity.py[line:90] message:"[ 2.5  3.   3.5  4. ]" [INFO]
<2016-03-16 23:44:56> PCC_similarity.py[line:91] message:"['Lady in the Water' 'Snakes on a Plane' 'Superman Returns'
 'The Night Listener']" [INFO]
<2016-03-16 23:44:56> PCC_similarity.py[line:58] message:"average vect A : 3.700000 " [WARNING]
<2016-03-16 23:44:56> PCC_similarity.py[line:59] message:"average vect B : 3.250000 " [WARNING]
<2016-03-16 23:44:56> PCC_similarity.py[line:60] message:"0.250000 / sqrt(2.760000) * sqrt(1.250000) " [WARNING]
<2016-03-16 23:44:56> PCC_similarity.py[line:89] message:"[ 4.   5.   3.   3.5]" [INFO]
<2016-03-16 23:44:56> PCC_similarity.py[line:90] message:"[ 3.5  4.   4.5  2.5]" [INFO]
<2016-03-16 23:44:56> PCC_similarity.py[line:91] message:"['Snakes on a Plane' 'Superman Returns' 'The Night Listener'
 'You, Me and Dupree']" [INFO]
<2016-03-16 23:44:56> PCC_similarity.py[line:58] message:"average vect A : 3.700000 " [WARNING]
<2016-03-16 23:44:56> PCC_similarity.py[line:59] message:"average vect B : 3.500000 " [WARNING]
<2016-03-16 23:44:56> PCC_similarity.py[line:60] message:"0.150000 / sqrt(2.310000) * sqrt(2.250000) " [WARNING]
<2016-03-16 23:44:56> PCC_similarity.py[line:89] message:"[ 3.   4.   5.   3.   3.5]" [INFO]
<2016-03-16 23:44:56> PCC_similarity.py[line:90] message:"[ 2.5  3.5  3.5  3.   2.5]" [INFO]
<2016-03-16 23:44:56> PCC_similarity.py[line:91] message:"['Lady in the Water' 'Snakes on a Plane' 'Superman Returns'
 'The Night Listener' 'You, Me and Dupree']" [INFO]
<2016-03-16 23:44:56> PCC_similarity.py[line:58] message:"average vect A : 3.700000 " [WARNING]
<2016-03-16 23:44:56> PCC_similarity.py[line:59] message:"average vect B : 3.000000 " [WARNING]
<2016-03-16 23:44:56> PCC_similarity.py[line:60] message:"1.250000 / sqrt(2.800000) * sqrt(1.000000) " [WARNING]
<2016-03-16 23:44:56> PCC_similarity.py[line:89] message:"[]" [INFO]
<2016-03-16 23:44:56> PCC_similarity.py[line:90] message:"[]" [INFO]
<2016-03-16 23:44:56> PCC_similarity.py[line:91] message:"[]" [INFO]
<2016-03-16 23:44:56> PCC_similarity.py[line:89] message:"[ 3.   4.   5.   3.   3.5]" [INFO]
<2016-03-16 23:44:56> PCC_similarity.py[line:90] message:"[ 3.   3.5  5.   3.   3.5]" [INFO]
<2016-03-16 23:44:56> PCC_similarity.py[line:91] message:"['Lady in the Water' 'Snakes on a Plane' 'Superman Returns'
 'The Night Listener' 'You, Me and Dupree']" [INFO]
<2016-03-16 23:44:56> PCC_similarity.py[line:58] message:"average vect A : 3.700000 " [WARNING]
<2016-03-16 23:44:56> PCC_similarity.py[line:59] message:"average vect B : 3.250000 " [WARNING]
<2016-03-16 23:44:56> PCC_similarity.py[line:60] message:"2.650000 / sqrt(2.800000) * sqrt(3.312500) " [WARNING]
<2016-03-16 23:44:56> PCC_similarity.py[line:89] message:"[ 4.   5.   3.5]" [INFO]
<2016-03-16 23:44:56> PCC_similarity.py[line:90] message:"[ 4.5  4.   1. ]" [INFO]
<2016-03-16 23:44:56> PCC_similarity.py[line:91] message:"['Snakes on a Plane' 'Superman Returns' 'You, Me and Dupree']" [INFO]
<2016-03-16 23:44:56> PCC_similarity.py[line:58] message:"average vect A : 3.700000 " [WARNING]
<2016-03-16 23:44:56> PCC_similarity.py[line:59] message:"average vect B : 3.166667 " [WARNING]
<2016-03-16 23:44:56> PCC_similarity.py[line:60] message:"1.916667 / sqrt(1.820000) * sqrt(7.166667) " [WARNING]
<2016-03-16 23:44:56> PCC_similarity.py[line:89] message:"[ 3.   4.   5.   3.   3.5]" [INFO]
<2016-03-16 23:44:56> PCC_similarity.py[line:90] message:"[ 3.   4.   5.   3.   3.5]" [INFO]
<2016-03-16 23:44:56> PCC_similarity.py[line:91] message:"['Lady in the Water' 'Snakes on a Plane' 'Superman Returns'
 'The Night Listener' 'You, Me and Dupree']" [INFO]
<2016-03-16 23:44:56> PCC_similarity.py[line:58] message:"average vect A : 3.700000 " [WARNING]
<2016-03-16 23:44:56> PCC_similarity.py[line:59] message:"average vect B : 3.700000 " [WARNING]
<2016-03-16 23:44:56> PCC_similarity.py[line:60] message:"2.800000 / sqrt(2.800000) * sqrt(2.800000) " [WARNING]
<2016-03-16 23:44:56> PCC_similarity.py[line:89] message:"[ 3.   4.   5.   3.   3.5]" [INFO]
<2016-03-16 23:44:56> PCC_similarity.py[line:90] message:"[ 3.  4.  3.  3.  2.]" [INFO]
<2016-03-16 23:44:56> PCC_similarity.py[line:91] message:"['Lady in the Water' 'Snakes on a Plane' 'Superman Returns'
 'The Night Listener' 'You, Me and Dupree']" [INFO]
<2016-03-16 23:44:56> PCC_similarity.py[line:58] message:"average vect A : 3.700000 " [WARNING]
<2016-03-16 23:44:56> PCC_similarity.py[line:59] message:"average vect B : 2.833333 " [WARNING]
<2016-03-16 23:44:56> PCC_similarity.py[line:60] message:"0.500000 / sqrt(2.800000) * sqrt(2.138889) " [WARNING]
<2016-03-16 23:45:36> model.py[line:46] message:"create matrix for 8 users and 7 items" [INFO]
<2016-03-16 23:45:36> model.py[line:50] message:"PROGRESS: at user_id #0/8" [DEBUG]
<2016-03-16 23:45:36> model.py[line:50] message:"PROGRESS: at user_id #2/8" [DEBUG]
<2016-03-16 23:45:36> model.py[line:50] message:"PROGRESS: at user_id #4/8" [DEBUG]
<2016-03-16 23:45:36> model.py[line:50] message:"PROGRESS: at user_id #6/8" [DEBUG]
<2016-03-16 23:45:36> PCC_similarity.py[line:89] message:"[ 3.  4.  5.  3.]" [INFO]
<2016-03-16 23:45:36> PCC_similarity.py[line:90] message:"[ 2.5  3.   3.5  4. ]" [INFO]
<2016-03-16 23:45:36> PCC_similarity.py[line:91] message:"['Lady in the Water' 'Snakes on a Plane' 'Superman Returns'
 'The Night Listener']" [INFO]
<2016-03-16 23:45:36> PCC_similarity.py[line:58] message:"average vect A : 3.700000 " [WARNING]
<2016-03-16 23:45:36> PCC_similarity.py[line:59] message:"average vect B : 3.250000 " [WARNING]
<2016-03-16 23:45:36> PCC_similarity.py[line:60] message:"0.250000 / sqrt(2.760000) * sqrt(1.250000) " [WARNING]
<2016-03-16 23:45:36> PCC_similarity.py[line:89] message:"[ 4.   5.   3.   3.5]" [INFO]
<2016-03-16 23:45:36> PCC_similarity.py[line:90] message:"[ 3.5  4.   4.5  2.5]" [INFO]
<2016-03-16 23:45:36> PCC_similarity.py[line:91] message:"['Snakes on a Plane' 'Superman Returns' 'The Night Listener'
 'You, Me and Dupree']" [INFO]
<2016-03-16 23:45:36> PCC_similarity.py[line:58] message:"average vect A : 3.700000 " [WARNING]
<2016-03-16 23:45:36> PCC_similarity.py[line:59] message:"average vect B : 3.500000 " [WARNING]
<2016-03-16 23:45:36> PCC_similarity.py[line:60] message:"0.150000 / sqrt(2.310000) * sqrt(2.250000) " [WARNING]
<2016-03-16 23:45:36> PCC_similarity.py[line:89] message:"[ 3.   4.   5.   3.   3.5]" [INFO]
<2016-03-16 23:45:36> PCC_similarity.py[line:90] message:"[ 2.5  3.5  3.5  3.   2.5]" [INFO]
<2016-03-16 23:45:36> PCC_similarity.py[line:91] message:"['Lady in the Water' 'Snakes on a Plane' 'Superman Returns'
 'The Night Listener' 'You, Me and Dupree']" [INFO]
<2016-03-16 23:45:36> PCC_similarity.py[line:58] message:"average vect A : 3.700000 " [WARNING]
<2016-03-16 23:45:36> PCC_similarity.py[line:59] message:"average vect B : 3.000000 " [WARNING]
<2016-03-16 23:45:36> PCC_similarity.py[line:60] message:"1.250000 / sqrt(2.800000) * sqrt(1.000000) " [WARNING]
<2016-03-16 23:45:36> PCC_similarity.py[line:89] message:"[]" [INFO]
<2016-03-16 23:45:36> PCC_similarity.py[line:90] message:"[]" [INFO]
<2016-03-16 23:45:36> PCC_similarity.py[line:91] message:"[]" [INFO]
<2016-03-16 23:45:36> PCC_similarity.py[line:89] message:"[ 3.   4.   5.   3.   3.5]" [INFO]
<2016-03-16 23:45:36> PCC_similarity.py[line:90] message:"[ 3.   3.5  5.   3.   3.5]" [INFO]
<2016-03-16 23:45:36> PCC_similarity.py[line:91] message:"['Lady in the Water' 'Snakes on a Plane' 'Superman Returns'
 'The Night Listener' 'You, Me and Dupree']" [INFO]
<2016-03-16 23:45:36> PCC_similarity.py[line:58] message:"average vect A : 3.700000 " [WARNING]
<2016-03-16 23:45:36> PCC_similarity.py[line:59] message:"average vect B : 3.250000 " [WARNING]
<2016-03-16 23:45:36> PCC_similarity.py[line:60] message:"2.650000 / sqrt(2.800000) * sqrt(3.312500) " [WARNING]
<2016-03-16 23:45:36> PCC_similarity.py[line:89] message:"[ 4.   5.   3.5]" [INFO]
<2016-03-16 23:45:36> PCC_similarity.py[line:90] message:"[ 4.5  4.   1. ]" [INFO]
<2016-03-16 23:45:36> PCC_similarity.py[line:91] message:"['Snakes on a Plane' 'Superman Returns' 'You, Me and Dupree']" [INFO]
<2016-03-16 23:45:36> PCC_similarity.py[line:58] message:"average vect A : 3.700000 " [WARNING]
<2016-03-16 23:45:36> PCC_similarity.py[line:59] message:"average vect B : 3.166667 " [WARNING]
<2016-03-16 23:45:36> PCC_similarity.py[line:60] message:"1.916667 / sqrt(1.820000) * sqrt(7.166667) " [WARNING]
<2016-03-16 23:45:36> PCC_similarity.py[line:89] message:"[ 3.   4.   5.   3.   3.5]" [INFO]
<2016-03-16 23:45:36> PCC_similarity.py[line:90] message:"[ 3.   4.   5.   3.   3.5]" [INFO]
<2016-03-16 23:45:36> PCC_similarity.py[line:91] message:"['Lady in the Water' 'Snakes on a Plane' 'Superman Returns'
 'The Night Listener' 'You, Me and Dupree']" [INFO]
<2016-03-16 23:45:36> PCC_similarity.py[line:58] message:"average vect A : 3.700000 " [WARNING]
<2016-03-16 23:45:36> PCC_similarity.py[line:59] message:"average vect B : 3.700000 " [WARNING]
<2016-03-16 23:45:36> PCC_similarity.py[line:60] message:"2.800000 / sqrt(2.800000) * sqrt(2.800000) " [WARNING]
<2016-03-16 23:45:36> PCC_similarity.py[line:89] message:"[ 3.   4.   5.   3.   3.5]" [INFO]
<2016-03-16 23:45:36> PCC_similarity.py[line:90] message:"[ 3.  4.  3.  3.  2.]" [INFO]
<2016-03-16 23:45:36> PCC_similarity.py[line:91] message:"['Lady in the Water' 'Snakes on a Plane' 'Superman Returns'
 'The Night Listener' 'You, Me and Dupree']" [INFO]
<2016-03-16 23:45:36> PCC_similarity.py[line:58] message:"average vect A : 3.700000 " [WARNING]
<2016-03-16 23:45:36> PCC_similarity.py[line:59] message:"average vect B : 2.833333 " [WARNING]
<2016-03-16 23:45:36> PCC_similarity.py[line:60] message:"0.500000 / sqrt(2.800000) * sqrt(2.138889) " [WARNING]
<2016-03-16 23:45:59> model.py[line:46] message:"create matrix for 8 users and 7 items" [INFO]
<2016-03-16 23:45:59> model.py[line:50] message:"PROGRESS: at user_id #0/8" [DEBUG]
<2016-03-16 23:45:59> model.py[line:50] message:"PROGRESS: at user_id #2/8" [DEBUG]
<2016-03-16 23:45:59> model.py[line:50] message:"PROGRESS: at user_id #4/8" [DEBUG]
<2016-03-16 23:45:59> model.py[line:50] message:"PROGRESS: at user_id #6/8" [DEBUG]
<2016-03-16 23:45:59> PCC_similarity.py[line:89] message:"[ 3.  4.  5.  3.]" [INFO]
<2016-03-16 23:45:59> PCC_similarity.py[line:90] message:"[ 2.5  3.   3.5  4. ]" [INFO]
<2016-03-16 23:45:59> PCC_similarity.py[line:91] message:"['Lady in the Water' 'Snakes on a Plane' 'Superman Returns'
 'The Night Listener']" [INFO]
<2016-03-16 23:45:59> PCC_similarity.py[line:58] message:"average vect A : 3.700000 " [WARNING]
<2016-03-16 23:45:59> PCC_similarity.py[line:59] message:"average vect B : 3.250000 " [WARNING]
<2016-03-16 23:45:59> PCC_similarity.py[line:60] message:"0.250000 / sqrt(2.760000) * sqrt(1.250000) " [WARNING]
<2016-03-16 23:45:59> PCC_similarity.py[line:89] message:"[ 4.   5.   3.   3.5]" [INFO]
<2016-03-16 23:45:59> PCC_similarity.py[line:90] message:"[ 3.5  4.   4.5  2.5]" [INFO]
<2016-03-16 23:45:59> PCC_similarity.py[line:91] message:"['Snakes on a Plane' 'Superman Returns' 'The Night Listener'
 'You, Me and Dupree']" [INFO]
<2016-03-16 23:45:59> PCC_similarity.py[line:58] message:"average vect A : 3.700000 " [WARNING]
<2016-03-16 23:45:59> PCC_similarity.py[line:59] message:"average vect B : 3.500000 " [WARNING]
<2016-03-16 23:45:59> PCC_similarity.py[line:60] message:"0.150000 / sqrt(2.310000) * sqrt(2.250000) " [WARNING]
<2016-03-16 23:45:59> PCC_similarity.py[line:89] message:"[ 3.   4.   5.   3.   3.5]" [INFO]
<2016-03-16 23:45:59> PCC_similarity.py[line:90] message:"[ 2.5  3.5  3.5  3.   2.5]" [INFO]
<2016-03-16 23:45:59> PCC_similarity.py[line:91] message:"['Lady in the Water' 'Snakes on a Plane' 'Superman Returns'
 'The Night Listener' 'You, Me and Dupree']" [INFO]
<2016-03-16 23:45:59> PCC_similarity.py[line:58] message:"average vect A : 3.700000 " [WARNING]
<2016-03-16 23:45:59> PCC_similarity.py[line:59] message:"average vect B : 3.000000 " [WARNING]
<2016-03-16 23:45:59> PCC_similarity.py[line:60] message:"1.250000 / sqrt(2.800000) * sqrt(1.000000) " [WARNING]
<2016-03-16 23:45:59> PCC_similarity.py[line:89] message:"[]" [INFO]
<2016-03-16 23:45:59> PCC_similarity.py[line:90] message:"[]" [INFO]
<2016-03-16 23:45:59> PCC_similarity.py[line:91] message:"[]" [INFO]
<2016-03-16 23:45:59> PCC_similarity.py[line:89] message:"[ 3.   4.   5.   3.   3.5]" [INFO]
<2016-03-16 23:45:59> PCC_similarity.py[line:90] message:"[ 3.   3.5  5.   3.   3.5]" [INFO]
<2016-03-16 23:45:59> PCC_similarity.py[line:91] message:"['Lady in the Water' 'Snakes on a Plane' 'Superman Returns'
 'The Night Listener' 'You, Me and Dupree']" [INFO]
<2016-03-16 23:45:59> PCC_similarity.py[line:58] message:"average vect A : 3.700000 " [WARNING]
<2016-03-16 23:45:59> PCC_similarity.py[line:59] message:"average vect B : 3.250000 " [WARNING]
<2016-03-16 23:45:59> PCC_similarity.py[line:60] message:"2.650000 / sqrt(2.800000) * sqrt(3.312500) " [WARNING]
<2016-03-16 23:45:59> PCC_similarity.py[line:89] message:"[ 4.   5.   3.5]" [INFO]
<2016-03-16 23:45:59> PCC_similarity.py[line:90] message:"[ 4.5  4.   1. ]" [INFO]
<2016-03-16 23:45:59> PCC_similarity.py[line:91] message:"['Snakes on a Plane' 'Superman Returns' 'You, Me and Dupree']" [INFO]
<2016-03-16 23:45:59> PCC_similarity.py[line:58] message:"average vect A : 3.700000 " [WARNING]
<2016-03-16 23:45:59> PCC_similarity.py[line:59] message:"average vect B : 3.166667 " [WARNING]
<2016-03-16 23:45:59> PCC_similarity.py[line:60] message:"1.916667 / sqrt(1.820000) * sqrt(7.166667) " [WARNING]
<2016-03-16 23:45:59> PCC_similarity.py[line:89] message:"[ 3.   4.   5.   3.   3.5]" [INFO]
<2016-03-16 23:45:59> PCC_similarity.py[line:90] message:"[ 3.   4.   5.   3.   3.5]" [INFO]
<2016-03-16 23:45:59> PCC_similarity.py[line:91] message:"['Lady in the Water' 'Snakes on a Plane' 'Superman Returns'
 'The Night Listener' 'You, Me and Dupree']" [INFO]
<2016-03-16 23:45:59> PCC_similarity.py[line:58] message:"average vect A : 3.700000 " [WARNING]
<2016-03-16 23:45:59> PCC_similarity.py[line:59] message:"average vect B : 3.700000 " [WARNING]
<2016-03-16 23:45:59> PCC_similarity.py[line:60] message:"2.800000 / sqrt(2.800000) * sqrt(2.800000) " [WARNING]
<2016-03-16 23:45:59> PCC_similarity.py[line:89] message:"[ 3.   4.   5.   3.   3.5]" [INFO]
<2016-03-16 23:45:59> PCC_similarity.py[line:90] message:"[ 3.  4.  3.  3.  2.]" [INFO]
<2016-03-16 23:45:59> PCC_similarity.py[line:91] message:"['Lady in the Water' 'Snakes on a Plane' 'Superman Returns'
 'The Night Listener' 'You, Me and Dupree']" [INFO]
<2016-03-16 23:45:59> PCC_similarity.py[line:58] message:"average vect A : 3.700000 " [WARNING]
<2016-03-16 23:45:59> PCC_similarity.py[line:59] message:"average vect B : 2.833333 " [WARNING]
<2016-03-16 23:45:59> PCC_similarity.py[line:60] message:"0.500000 / sqrt(2.800000) * sqrt(2.138889) " [WARNING]
<2016-03-16 23:46:58> model.py[line:46] message:"create matrix for 8 users and 7 items" [INFO]
<2016-03-16 23:46:58> model.py[line:50] message:"PROGRESS: at user_id #0/8" [DEBUG]
<2016-03-16 23:46:58> model.py[line:50] message:"PROGRESS: at user_id #2/8" [DEBUG]
<2016-03-16 23:46:58> model.py[line:50] message:"PROGRESS: at user_id #4/8" [DEBUG]
<2016-03-16 23:46:58> model.py[line:50] message:"PROGRESS: at user_id #6/8" [DEBUG]
<2016-03-16 23:46:58> PCC_similarity.py[line:89] message:"[ 3.  4.  5.  3.]" [INFO]
<2016-03-16 23:46:58> PCC_similarity.py[line:90] message:"[ 2.5  3.   3.5  4. ]" [INFO]
<2016-03-16 23:46:58> PCC_similarity.py[line:91] message:"['Lady in the Water' 'Snakes on a Plane' 'Superman Returns'
 'The Night Listener']" [INFO]
<2016-03-16 23:46:58> PCC_similarity.py[line:58] message:"average vect A : 3.700000 " [WARNING]
<2016-03-16 23:46:58> PCC_similarity.py[line:59] message:"average vect B : 3.250000 " [WARNING]
<2016-03-16 23:46:58> PCC_similarity.py[line:60] message:"0.250000 / sqrt(2.760000) * sqrt(1.250000) " [WARNING]
<2016-03-16 23:46:58> PCC_similarity.py[line:89] message:"[ 4.   5.   3.   3.5]" [INFO]
<2016-03-16 23:46:58> PCC_similarity.py[line:90] message:"[ 3.5  4.   4.5  2.5]" [INFO]
<2016-03-16 23:46:58> PCC_similarity.py[line:91] message:"['Snakes on a Plane' 'Superman Returns' 'The Night Listener'
 'You, Me and Dupree']" [INFO]
<2016-03-16 23:46:58> PCC_similarity.py[line:58] message:"average vect A : 3.700000 " [WARNING]
<2016-03-16 23:46:58> PCC_similarity.py[line:59] message:"average vect B : 3.500000 " [WARNING]
<2016-03-16 23:46:58> PCC_similarity.py[line:60] message:"0.150000 / sqrt(2.310000) * sqrt(2.250000) " [WARNING]
<2016-03-16 23:46:58> PCC_similarity.py[line:89] message:"[ 3.   4.   5.   3.   3.5]" [INFO]
<2016-03-16 23:46:58> PCC_similarity.py[line:90] message:"[ 2.5  3.5  3.5  3.   2.5]" [INFO]
<2016-03-16 23:46:58> PCC_similarity.py[line:91] message:"['Lady in the Water' 'Snakes on a Plane' 'Superman Returns'
 'The Night Listener' 'You, Me and Dupree']" [INFO]
<2016-03-16 23:46:58> PCC_similarity.py[line:58] message:"average vect A : 3.700000 " [WARNING]
<2016-03-16 23:46:58> PCC_similarity.py[line:59] message:"average vect B : 3.000000 " [WARNING]
<2016-03-16 23:46:58> PCC_similarity.py[line:60] message:"1.250000 / sqrt(2.800000) * sqrt(1.000000) " [WARNING]
<2016-03-16 23:46:58> PCC_similarity.py[line:89] message:"[]" [INFO]
<2016-03-16 23:46:58> PCC_similarity.py[line:90] message:"[]" [INFO]
<2016-03-16 23:46:58> PCC_similarity.py[line:91] message:"[]" [INFO]
<2016-03-16 23:46:58> PCC_similarity.py[line:89] message:"[ 3.   4.   5.   3.   3.5]" [INFO]
<2016-03-16 23:46:58> PCC_similarity.py[line:90] message:"[ 3.   3.5  5.   3.   3.5]" [INFO]
<2016-03-16 23:46:58> PCC_similarity.py[line:91] message:"['Lady in the Water' 'Snakes on a Plane' 'Superman Returns'
 'The Night Listener' 'You, Me and Dupree']" [INFO]
<2016-03-16 23:46:58> PCC_similarity.py[line:58] message:"average vect A : 3.700000 " [WARNING]
<2016-03-16 23:46:58> PCC_similarity.py[line:59] message:"average vect B : 3.250000 " [WARNING]
<2016-03-16 23:46:58> PCC_similarity.py[line:60] message:"2.650000 / sqrt(2.800000) * sqrt(3.312500) " [WARNING]
<2016-03-16 23:46:58> PCC_similarity.py[line:89] message:"[ 4.   5.   3.5]" [INFO]
<2016-03-16 23:46:58> PCC_similarity.py[line:90] message:"[ 4.5  4.   1. ]" [INFO]
<2016-03-16 23:46:58> PCC_similarity.py[line:91] message:"['Snakes on a Plane' 'Superman Returns' 'You, Me and Dupree']" [INFO]
<2016-03-16 23:46:58> PCC_similarity.py[line:58] message:"average vect A : 3.700000 " [WARNING]
<2016-03-16 23:46:58> PCC_similarity.py[line:59] message:"average vect B : 3.166667 " [WARNING]
<2016-03-16 23:46:58> PCC_similarity.py[line:60] message:"1.916667 / sqrt(1.820000) * sqrt(7.166667) " [WARNING]
<2016-03-16 23:46:58> PCC_similarity.py[line:89] message:"[ 3.   4.   5.   3.   3.5]" [INFO]
<2016-03-16 23:46:58> PCC_similarity.py[line:90] message:"[ 3.   4.   5.   3.   3.5]" [INFO]
<2016-03-16 23:46:58> PCC_similarity.py[line:91] message:"['Lady in the Water' 'Snakes on a Plane' 'Superman Returns'
 'The Night Listener' 'You, Me and Dupree']" [INFO]
<2016-03-16 23:46:58> PCC_similarity.py[line:58] message:"average vect A : 3.700000 " [WARNING]
<2016-03-16 23:46:58> PCC_similarity.py[line:59] message:"average vect B : 3.700000 " [WARNING]
<2016-03-16 23:46:58> PCC_similarity.py[line:60] message:"2.800000 / sqrt(2.800000) * sqrt(2.800000) " [WARNING]
<2016-03-16 23:46:58> PCC_similarity.py[line:89] message:"[ 3.   4.   5.   3.   3.5]" [INFO]
<2016-03-16 23:46:58> PCC_similarity.py[line:90] message:"[ 3.  4.  3.  3.  2.]" [INFO]
<2016-03-16 23:46:58> PCC_similarity.py[line:91] message:"['Lady in the Water' 'Snakes on a Plane' 'Superman Returns'
 'The Night Listener' 'You, Me and Dupree']" [INFO]
<2016-03-16 23:46:58> PCC_similarity.py[line:58] message:"average vect A : 3.700000 " [WARNING]
<2016-03-16 23:46:58> PCC_similarity.py[line:59] message:"average vect B : 2.833333 " [WARNING]
<2016-03-16 23:46:58> PCC_similarity.py[line:60] message:"0.500000 / sqrt(2.800000) * sqrt(2.138889) " [WARNING]
<2016-03-16 23:53:46> model.py[line:46] message:"create matrix for 8 users and 7 items" [INFO]
<2016-03-16 23:53:46> model.py[line:50] message:"PROGRESS: at user_id #0/8" [DEBUG]
<2016-03-16 23:53:46> model.py[line:50] message:"PROGRESS: at user_id #2/8" [DEBUG]
<2016-03-16 23:53:46> model.py[line:50] message:"PROGRESS: at user_id #4/8" [DEBUG]
<2016-03-16 23:53:46> model.py[line:50] message:"PROGRESS: at user_id #6/8" [DEBUG]
<2016-03-16 23:53:46> PCC_similarity.py[line:89] message:"[ 3.  4.  5.  3.]" [INFO]
<2016-03-16 23:53:46> PCC_similarity.py[line:90] message:"[ 2.5  3.   3.5  4. ]" [INFO]
<2016-03-16 23:53:46> PCC_similarity.py[line:91] message:"['Lady in the Water' 'Snakes on a Plane' 'Superman Returns'
 'The Night Listener']" [INFO]
<2016-03-16 23:53:46> PCC_similarity.py[line:58] message:"average vect A : 3.700000 " [WARNING]
<2016-03-16 23:53:46> PCC_similarity.py[line:59] message:"average vect B : 3.250000 " [WARNING]
<2016-03-16 23:53:46> PCC_similarity.py[line:60] message:"0.250000 / sqrt(2.760000) * sqrt(1.250000) " [WARNING]
<2016-03-16 23:53:46> PCC_similarity.py[line:89] message:"[ 4.   5.   3.   3.5]" [INFO]
<2016-03-16 23:53:46> PCC_similarity.py[line:90] message:"[ 3.5  4.   4.5  2.5]" [INFO]
<2016-03-16 23:53:46> PCC_similarity.py[line:91] message:"['Snakes on a Plane' 'Superman Returns' 'The Night Listener'
 'You, Me and Dupree']" [INFO]
<2016-03-16 23:53:46> PCC_similarity.py[line:58] message:"average vect A : 3.700000 " [WARNING]
<2016-03-16 23:53:46> PCC_similarity.py[line:59] message:"average vect B : 3.500000 " [WARNING]
<2016-03-16 23:53:46> PCC_similarity.py[line:60] message:"0.150000 / sqrt(2.310000) * sqrt(2.250000) " [WARNING]
<2016-03-16 23:53:46> PCC_similarity.py[line:89] message:"[ 3.   4.   5.   3.   3.5]" [INFO]
<2016-03-16 23:53:46> PCC_similarity.py[line:90] message:"[ 2.5  3.5  3.5  3.   2.5]" [INFO]
<2016-03-16 23:53:46> PCC_similarity.py[line:91] message:"['Lady in the Water' 'Snakes on a Plane' 'Superman Returns'
 'The Night Listener' 'You, Me and Dupree']" [INFO]
<2016-03-16 23:53:46> PCC_similarity.py[line:58] message:"average vect A : 3.700000 " [WARNING]
<2016-03-16 23:53:46> PCC_similarity.py[line:59] message:"average vect B : 3.000000 " [WARNING]
<2016-03-16 23:53:46> PCC_similarity.py[line:60] message:"1.250000 / sqrt(2.800000) * sqrt(1.000000) " [WARNING]
<2016-03-16 23:53:46> PCC_similarity.py[line:89] message:"[]" [INFO]
<2016-03-16 23:53:46> PCC_similarity.py[line:90] message:"[]" [INFO]
<2016-03-16 23:53:46> PCC_similarity.py[line:91] message:"[]" [INFO]
<2016-03-16 23:53:46> PCC_similarity.py[line:89] message:"[ 3.   4.   5.   3.   3.5]" [INFO]
<2016-03-16 23:53:46> PCC_similarity.py[line:90] message:"[ 3.   3.5  5.   3.   3.5]" [INFO]
<2016-03-16 23:53:46> PCC_similarity.py[line:91] message:"['Lady in the Water' 'Snakes on a Plane' 'Superman Returns'
 'The Night Listener' 'You, Me and Dupree']" [INFO]
<2016-03-16 23:53:46> PCC_similarity.py[line:58] message:"average vect A : 3.700000 " [WARNING]
<2016-03-16 23:53:46> PCC_similarity.py[line:59] message:"average vect B : 3.250000 " [WARNING]
<2016-03-16 23:53:46> PCC_similarity.py[line:60] message:"2.650000 / sqrt(2.800000) * sqrt(3.312500) " [WARNING]
<2016-03-16 23:53:46> PCC_similarity.py[line:89] message:"[ 4.   5.   3.5]" [INFO]
<2016-03-16 23:53:46> PCC_similarity.py[line:90] message:"[ 4.5  4.   1. ]" [INFO]
<2016-03-16 23:53:46> PCC_similarity.py[line:91] message:"['Snakes on a Plane' 'Superman Returns' 'You, Me and Dupree']" [INFO]
<2016-03-16 23:53:46> PCC_similarity.py[line:58] message:"average vect A : 3.700000 " [WARNING]
<2016-03-16 23:53:46> PCC_similarity.py[line:59] message:"average vect B : 3.166667 " [WARNING]
<2016-03-16 23:53:46> PCC_similarity.py[line:60] message:"1.916667 / sqrt(1.820000) * sqrt(7.166667) " [WARNING]
<2016-03-16 23:53:46> PCC_similarity.py[line:89] message:"[ 3.   4.   5.   3.   3.5]" [INFO]
<2016-03-16 23:53:46> PCC_similarity.py[line:90] message:"[ 3.   4.   5.   3.   3.5]" [INFO]
<2016-03-16 23:53:46> PCC_similarity.py[line:91] message:"['Lady in the Water' 'Snakes on a Plane' 'Superman Returns'
 'The Night Listener' 'You, Me and Dupree']" [INFO]
<2016-03-16 23:53:46> PCC_similarity.py[line:58] message:"average vect A : 3.700000 " [WARNING]
<2016-03-16 23:53:46> PCC_similarity.py[line:59] message:"average vect B : 3.700000 " [WARNING]
<2016-03-16 23:53:46> PCC_similarity.py[line:60] message:"2.800000 / sqrt(2.800000) * sqrt(2.800000) " [WARNING]
<2016-03-16 23:53:46> PCC_similarity.py[line:89] message:"[ 3.   4.   5.   3.   3.5]" [INFO]
<2016-03-16 23:53:46> PCC_similarity.py[line:90] message:"[ 3.  4.  3.  3.  2.]" [INFO]
<2016-03-16 23:53:46> PCC_similarity.py[line:91] message:"['Lady in the Water' 'Snakes on a Plane' 'Superman Returns'
 'The Night Listener' 'You, Me and Dupree']" [INFO]
<2016-03-16 23:53:46> PCC_similarity.py[line:58] message:"average vect A : 3.700000 " [WARNING]
<2016-03-16 23:53:46> PCC_similarity.py[line:59] message:"average vect B : 2.833333 " [WARNING]
<2016-03-16 23:53:46> PCC_similarity.py[line:60] message:"0.500000 / sqrt(2.800000) * sqrt(2.138889) " [WARNING]
<2016-03-16 23:54:24> model.py[line:46] message:"create matrix for 8 users and 7 items" [INFO]
<2016-03-16 23:54:24> model.py[line:50] message:"PROGRESS: at user_id #0/8" [DEBUG]
<2016-03-16 23:54:24> model.py[line:50] message:"PROGRESS: at user_id #2/8" [DEBUG]
<2016-03-16 23:54:24> model.py[line:50] message:"PROGRESS: at user_id #4/8" [DEBUG]
<2016-03-16 23:54:24> model.py[line:50] message:"PROGRESS: at user_id #6/8" [DEBUG]
<2016-03-16 23:54:24> PCC_similarity.py[line:89] message:"[ 3.  4.  5.  3.]" [INFO]
<2016-03-16 23:54:24> PCC_similarity.py[line:90] message:"[ 2.5  3.   3.5  4. ]" [INFO]
<2016-03-16 23:54:24> PCC_similarity.py[line:91] message:"['Lady in the Water' 'Snakes on a Plane' 'Superman Returns'
 'The Night Listener']" [INFO]
<2016-03-16 23:54:24> PCC_similarity.py[line:58] message:"average vect A : 3.700000 " [WARNING]
<2016-03-16 23:54:24> PCC_similarity.py[line:59] message:"average vect B : 3.250000 " [WARNING]
<2016-03-16 23:54:24> PCC_similarity.py[line:60] message:"0.250000 / sqrt(2.760000) * sqrt(1.250000) " [WARNING]
<2016-03-16 23:54:24> PCC_similarity.py[line:89] message:"[ 4.   5.   3.   3.5]" [INFO]
<2016-03-16 23:54:24> PCC_similarity.py[line:90] message:"[ 3.5  4.   4.5  2.5]" [INFO]
<2016-03-16 23:54:24> PCC_similarity.py[line:91] message:"['Snakes on a Plane' 'Superman Returns' 'The Night Listener'
 'You, Me and Dupree']" [INFO]
<2016-03-16 23:54:24> PCC_similarity.py[line:58] message:"average vect A : 3.700000 " [WARNING]
<2016-03-16 23:54:24> PCC_similarity.py[line:59] message:"average vect B : 3.500000 " [WARNING]
<2016-03-16 23:54:24> PCC_similarity.py[line:60] message:"0.150000 / sqrt(2.310000) * sqrt(2.250000) " [WARNING]
<2016-03-16 23:54:24> PCC_similarity.py[line:89] message:"[ 3.   4.   5.   3.   3.5]" [INFO]
<2016-03-16 23:54:24> PCC_similarity.py[line:90] message:"[ 2.5  3.5  3.5  3.   2.5]" [INFO]
<2016-03-16 23:54:24> PCC_similarity.py[line:91] message:"['Lady in the Water' 'Snakes on a Plane' 'Superman Returns'
 'The Night Listener' 'You, Me and Dupree']" [INFO]
<2016-03-16 23:54:24> PCC_similarity.py[line:58] message:"average vect A : 3.700000 " [WARNING]
<2016-03-16 23:54:24> PCC_similarity.py[line:59] message:"average vect B : 3.000000 " [WARNING]
<2016-03-16 23:54:24> PCC_similarity.py[line:60] message:"1.250000 / sqrt(2.800000) * sqrt(1.000000) " [WARNING]
<2016-03-16 23:54:24> PCC_similarity.py[line:89] message:"[]" [INFO]
<2016-03-16 23:54:24> PCC_similarity.py[line:90] message:"[]" [INFO]
<2016-03-16 23:54:24> PCC_similarity.py[line:91] message:"[]" [INFO]
<2016-03-16 23:54:24> PCC_similarity.py[line:89] message:"[ 3.   4.   5.   3.   3.5]" [INFO]
<2016-03-16 23:54:24> PCC_similarity.py[line:90] message:"[ 3.   3.5  5.   3.   3.5]" [INFO]
<2016-03-16 23:54:24> PCC_similarity.py[line:91] message:"['Lady in the Water' 'Snakes on a Plane' 'Superman Returns'
 'The Night Listener' 'You, Me and Dupree']" [INFO]
<2016-03-16 23:54:24> PCC_similarity.py[line:58] message:"average vect A : 3.700000 " [WARNING]
<2016-03-16 23:54:24> PCC_similarity.py[line:59] message:"average vect B : 3.250000 " [WARNING]
<2016-03-16 23:54:24> PCC_similarity.py[line:60] message:"2.650000 / sqrt(2.800000) * sqrt(3.312500) " [WARNING]
<2016-03-16 23:54:24> PCC_similarity.py[line:89] message:"[ 4.   5.   3.5]" [INFO]
<2016-03-16 23:54:24> PCC_similarity.py[line:90] message:"[ 4.5  4.   1. ]" [INFO]
<2016-03-16 23:54:24> PCC_similarity.py[line:91] message:"['Snakes on a Plane' 'Superman Returns' 'You, Me and Dupree']" [INFO]
<2016-03-16 23:54:24> PCC_similarity.py[line:58] message:"average vect A : 3.700000 " [WARNING]
<2016-03-16 23:54:24> PCC_similarity.py[line:59] message:"average vect B : 3.166667 " [WARNING]
<2016-03-16 23:54:24> PCC_similarity.py[line:60] message:"1.916667 / sqrt(1.820000) * sqrt(7.166667) " [WARNING]
<2016-03-16 23:54:24> PCC_similarity.py[line:89] message:"[ 3.   4.   5.   3.   3.5]" [INFO]
<2016-03-16 23:54:24> PCC_similarity.py[line:90] message:"[ 3.   4.   5.   3.   3.5]" [INFO]
<2016-03-16 23:54:24> PCC_similarity.py[line:91] message:"['Lady in the Water' 'Snakes on a Plane' 'Superman Returns'
 'The Night Listener' 'You, Me and Dupree']" [INFO]
<2016-03-16 23:54:24> PCC_similarity.py[line:58] message:"average vect A : 3.700000 " [WARNING]
<2016-03-16 23:54:24> PCC_similarity.py[line:59] message:"average vect B : 3.700000 " [WARNING]
<2016-03-16 23:54:24> PCC_similarity.py[line:60] message:"2.800000 / sqrt(2.800000) * sqrt(2.800000) " [WARNING]
<2016-03-16 23:54:24> PCC_similarity.py[line:89] message:"[ 3.   4.   5.   3.   3.5]" [INFO]
<2016-03-16 23:54:24> PCC_similarity.py[line:90] message:"[ 3.  4.  3.  3.  2.]" [INFO]
<2016-03-16 23:54:24> PCC_similarity.py[line:91] message:"['Lady in the Water' 'Snakes on a Plane' 'Superman Returns'
 'The Night Listener' 'You, Me and Dupree']" [INFO]
<2016-03-16 23:54:24> PCC_similarity.py[line:58] message:"average vect A : 3.700000 " [WARNING]
<2016-03-16 23:54:24> PCC_similarity.py[line:59] message:"average vect B : 2.833333 " [WARNING]
<2016-03-16 23:54:24> PCC_similarity.py[line:60] message:"0.500000 / sqrt(2.800000) * sqrt(2.138889) " [WARNING]
<2016-03-16 23:56:13> model.py[line:46] message:"create matrix for 8 users and 7 items" [INFO]
<2016-03-16 23:56:13> model.py[line:50] message:"PROGRESS: at user_id #0/8" [DEBUG]
<2016-03-16 23:56:13> model.py[line:50] message:"PROGRESS: at user_id #2/8" [DEBUG]
<2016-03-16 23:56:13> model.py[line:50] message:"PROGRESS: at user_id #4/8" [DEBUG]
<2016-03-16 23:56:13> model.py[line:50] message:"PROGRESS: at user_id #6/8" [DEBUG]
<2016-03-16 23:56:13> PCC_similarity.py[line:89] message:"[ 3.  4.  5.  3.]" [INFO]
<2016-03-16 23:56:13> PCC_similarity.py[line:90] message:"[ 2.5  3.   3.5  4. ]" [INFO]
<2016-03-16 23:56:13> PCC_similarity.py[line:91] message:"['Lady in the Water' 'Snakes on a Plane' 'Superman Returns'
 'The Night Listener']" [INFO]
<2016-03-16 23:56:13> PCC_similarity.py[line:58] message:"average vect A : 3.700000 " [WARNING]
<2016-03-16 23:56:13> PCC_similarity.py[line:59] message:"average vect B : 3.250000 " [WARNING]
<2016-03-16 23:56:13> PCC_similarity.py[line:60] message:"0.250000 / sqrt(2.760000) * sqrt(1.250000) " [WARNING]
<2016-03-16 23:56:13> PCC_similarity.py[line:89] message:"[ 4.   5.   3.   3.5]" [INFO]
<2016-03-16 23:56:13> PCC_similarity.py[line:90] message:"[ 3.5  4.   4.5  2.5]" [INFO]
<2016-03-16 23:56:13> PCC_similarity.py[line:91] message:"['Snakes on a Plane' 'Superman Returns' 'The Night Listener'
 'You, Me and Dupree']" [INFO]
<2016-03-16 23:56:13> PCC_similarity.py[line:58] message:"average vect A : 3.700000 " [WARNING]
<2016-03-16 23:56:13> PCC_similarity.py[line:59] message:"average vect B : 3.500000 " [WARNING]
<2016-03-16 23:56:13> PCC_similarity.py[line:60] message:"0.150000 / sqrt(2.310000) * sqrt(2.250000) " [WARNING]
<2016-03-16 23:56:13> PCC_similarity.py[line:89] message:"[ 3.   4.   5.   3.   3.5]" [INFO]
<2016-03-16 23:56:13> PCC_similarity.py[line:90] message:"[ 2.5  3.5  3.5  3.   2.5]" [INFO]
<2016-03-16 23:56:13> PCC_similarity.py[line:91] message:"['Lady in the Water' 'Snakes on a Plane' 'Superman Returns'
 'The Night Listener' 'You, Me and Dupree']" [INFO]
<2016-03-16 23:56:13> PCC_similarity.py[line:58] message:"average vect A : 3.700000 " [WARNING]
<2016-03-16 23:56:13> PCC_similarity.py[line:59] message:"average vect B : 3.000000 " [WARNING]
<2016-03-16 23:56:13> PCC_similarity.py[line:60] message:"1.250000 / sqrt(2.800000) * sqrt(1.000000) " [WARNING]
<2016-03-16 23:56:13> PCC_similarity.py[line:89] message:"[]" [INFO]
<2016-03-16 23:56:13> PCC_similarity.py[line:90] message:"[]" [INFO]
<2016-03-16 23:56:13> PCC_similarity.py[line:91] message:"[]" [INFO]
<2016-03-16 23:56:13> PCC_similarity.py[line:89] message:"[ 3.   4.   5.   3.   3.5]" [INFO]
<2016-03-16 23:56:13> PCC_similarity.py[line:90] message:"[ 3.   3.5  5.   3.   3.5]" [INFO]
<2016-03-16 23:56:13> PCC_similarity.py[line:91] message:"['Lady in the Water' 'Snakes on a Plane' 'Superman Returns'
 'The Night Listener' 'You, Me and Dupree']" [INFO]
<2016-03-16 23:56:13> PCC_similarity.py[line:58] message:"average vect A : 3.700000 " [WARNING]
<2016-03-16 23:56:13> PCC_similarity.py[line:59] message:"average vect B : 3.250000 " [WARNING]
<2016-03-16 23:56:13> PCC_similarity.py[line:60] message:"2.650000 / sqrt(2.800000) * sqrt(3.312500) " [WARNING]
<2016-03-16 23:56:13> PCC_similarity.py[line:89] message:"[ 4.   5.   3.5]" [INFO]
<2016-03-16 23:56:13> PCC_similarity.py[line:90] message:"[ 4.5  4.   1. ]" [INFO]
<2016-03-16 23:56:13> PCC_similarity.py[line:91] message:"['Snakes on a Plane' 'Superman Returns' 'You, Me and Dupree']" [INFO]
<2016-03-16 23:56:13> PCC_similarity.py[line:58] message:"average vect A : 3.700000 " [WARNING]
<2016-03-16 23:56:13> PCC_similarity.py[line:59] message:"average vect B : 3.166667 " [WARNING]
<2016-03-16 23:56:13> PCC_similarity.py[line:60] message:"1.916667 / sqrt(1.820000) * sqrt(7.166667) " [WARNING]
<2016-03-16 23:56:13> PCC_similarity.py[line:89] message:"[ 3.   4.   5.   3.   3.5]" [INFO]
<2016-03-16 23:56:13> PCC_similarity.py[line:90] message:"[ 3.   4.   5.   3.   3.5]" [INFO]
<2016-03-16 23:56:13> PCC_similarity.py[line:91] message:"['Lady in the Water' 'Snakes on a Plane' 'Superman Returns'
 'The Night Listener' 'You, Me and Dupree']" [INFO]
<2016-03-16 23:56:13> PCC_similarity.py[line:58] message:"average vect A : 3.700000 " [WARNING]
<2016-03-16 23:56:13> PCC_similarity.py[line:59] message:"average vect B : 3.700000 " [WARNING]
<2016-03-16 23:56:13> PCC_similarity.py[line:60] message:"2.800000 / sqrt(2.800000) * sqrt(2.800000) " [WARNING]
<2016-03-16 23:56:13> PCC_similarity.py[line:89] message:"[ 3.   4.   5.   3.   3.5]" [INFO]
<2016-03-16 23:56:13> PCC_similarity.py[line:90] message:"[ 3.  4.  3.  3.  2.]" [INFO]
<2016-03-16 23:56:13> PCC_similarity.py[line:91] message:"['Lady in the Water' 'Snakes on a Plane' 'Superman Returns'
 'The Night Listener' 'You, Me and Dupree']" [INFO]
<2016-03-16 23:56:13> PCC_similarity.py[line:58] message:"average vect A : 3.700000 " [WARNING]
<2016-03-16 23:56:13> PCC_similarity.py[line:59] message:"average vect B : 2.833333 " [WARNING]
<2016-03-16 23:56:13> PCC_similarity.py[line:60] message:"0.500000 / sqrt(2.800000) * sqrt(2.138889) " [WARNING]
<2016-03-16 23:56:28> model.py[line:46] message:"create matrix for 8 users and 7 items" [INFO]
<2016-03-16 23:56:28> model.py[line:50] message:"PROGRESS: at user_id #0/8" [DEBUG]
<2016-03-16 23:56:28> model.py[line:50] message:"PROGRESS: at user_id #2/8" [DEBUG]
<2016-03-16 23:56:28> model.py[line:50] message:"PROGRESS: at user_id #4/8" [DEBUG]
<2016-03-16 23:56:28> model.py[line:50] message:"PROGRESS: at user_id #6/8" [DEBUG]
<2016-03-16 23:56:28> PCC_similarity.py[line:89] message:"[ 3.  4.  5.  3.]" [INFO]
<2016-03-16 23:56:28> PCC_similarity.py[line:90] message:"[ 2.5  3.   3.5  4. ]" [INFO]
<2016-03-16 23:56:28> PCC_similarity.py[line:91] message:"['Lady in the Water' 'Snakes on a Plane' 'Superman Returns'
 'The Night Listener']" [INFO]
<2016-03-16 23:56:28> PCC_similarity.py[line:58] message:"average vect A : 3.700000 " [WARNING]
<2016-03-16 23:56:28> PCC_similarity.py[line:59] message:"average vect B : 3.250000 " [WARNING]
<2016-03-16 23:56:28> PCC_similarity.py[line:60] message:"0.250000 / sqrt(2.760000) * sqrt(1.250000) " [WARNING]
<2016-03-16 23:56:28> PCC_similarity.py[line:89] message:"[ 4.   5.   3.   3.5]" [INFO]
<2016-03-16 23:56:28> PCC_similarity.py[line:90] message:"[ 3.5  4.   4.5  2.5]" [INFO]
<2016-03-16 23:56:28> PCC_similarity.py[line:91] message:"['Snakes on a Plane' 'Superman Returns' 'The Night Listener'
 'You, Me and Dupree']" [INFO]
<2016-03-16 23:56:28> PCC_similarity.py[line:58] message:"average vect A : 3.700000 " [WARNING]
<2016-03-16 23:56:28> PCC_similarity.py[line:59] message:"average vect B : 3.500000 " [WARNING]
<2016-03-16 23:56:28> PCC_similarity.py[line:60] message:"0.150000 / sqrt(2.310000) * sqrt(2.250000) " [WARNING]
<2016-03-16 23:56:28> PCC_similarity.py[line:89] message:"[ 3.   4.   5.   3.   3.5]" [INFO]
<2016-03-16 23:56:28> PCC_similarity.py[line:90] message:"[ 2.5  3.5  3.5  3.   2.5]" [INFO]
<2016-03-16 23:56:28> PCC_similarity.py[line:91] message:"['Lady in the Water' 'Snakes on a Plane' 'Superman Returns'
 'The Night Listener' 'You, Me and Dupree']" [INFO]
<2016-03-16 23:56:28> PCC_similarity.py[line:58] message:"average vect A : 3.700000 " [WARNING]
<2016-03-16 23:56:28> PCC_similarity.py[line:59] message:"average vect B : 3.000000 " [WARNING]
<2016-03-16 23:56:28> PCC_similarity.py[line:60] message:"1.250000 / sqrt(2.800000) * sqrt(1.000000) " [WARNING]
<2016-03-16 23:56:28> PCC_similarity.py[line:89] message:"[]" [INFO]
<2016-03-16 23:56:28> PCC_similarity.py[line:90] message:"[]" [INFO]
<2016-03-16 23:56:28> PCC_similarity.py[line:91] message:"[]" [INFO]
<2016-03-16 23:56:28> PCC_similarity.py[line:89] message:"[ 3.   4.   5.   3.   3.5]" [INFO]
<2016-03-16 23:56:28> PCC_similarity.py[line:90] message:"[ 3.   3.5  5.   3.   3.5]" [INFO]
<2016-03-16 23:56:28> PCC_similarity.py[line:91] message:"['Lady in the Water' 'Snakes on a Plane' 'Superman Returns'
 'The Night Listener' 'You, Me and Dupree']" [INFO]
<2016-03-16 23:56:28> PCC_similarity.py[line:58] message:"average vect A : 3.700000 " [WARNING]
<2016-03-16 23:56:28> PCC_similarity.py[line:59] message:"average vect B : 3.250000 " [WARNING]
<2016-03-16 23:56:28> PCC_similarity.py[line:60] message:"2.650000 / sqrt(2.800000) * sqrt(3.312500) " [WARNING]
<2016-03-16 23:56:28> PCC_similarity.py[line:89] message:"[ 4.   5.   3.5]" [INFO]
<2016-03-16 23:56:28> PCC_similarity.py[line:90] message:"[ 4.5  4.   1. ]" [INFO]
<2016-03-16 23:56:28> PCC_similarity.py[line:91] message:"['Snakes on a Plane' 'Superman Returns' 'You, Me and Dupree']" [INFO]
<2016-03-16 23:56:28> PCC_similarity.py[line:58] message:"average vect A : 3.700000 " [WARNING]
<2016-03-16 23:56:28> PCC_similarity.py[line:59] message:"average vect B : 3.166667 " [WARNING]
<2016-03-16 23:56:28> PCC_similarity.py[line:60] message:"1.916667 / sqrt(1.820000) * sqrt(7.166667) " [WARNING]
<2016-03-16 23:56:28> PCC_similarity.py[line:89] message:"[ 3.   4.   5.   3.   3.5]" [INFO]
<2016-03-16 23:56:28> PCC_similarity.py[line:90] message:"[ 3.   4.   5.   3.   3.5]" [INFO]
<2016-03-16 23:56:28> PCC_similarity.py[line:91] message:"['Lady in the Water' 'Snakes on a Plane' 'Superman Returns'
 'The Night Listener' 'You, Me and Dupree']" [INFO]
<2016-03-16 23:56:28> PCC_similarity.py[line:58] message:"average vect A : 3.700000 " [WARNING]
<2016-03-16 23:56:28> PCC_similarity.py[line:59] message:"average vect B : 3.700000 " [WARNING]
<2016-03-16 23:56:28> PCC_similarity.py[line:60] message:"2.800000 / sqrt(2.800000) * sqrt(2.800000) " [WARNING]
<2016-03-16 23:56:28> PCC_similarity.py[line:89] message:"[ 3.   4.   5.   3.   3.5]" [INFO]
<2016-03-16 23:56:28> PCC_similarity.py[line:90] message:"[ 3.  4.  3.  3.  2.]" [INFO]
<2016-03-16 23:56:28> PCC_similarity.py[line:91] message:"['Lady in the Water' 'Snakes on a Plane' 'Superman Returns'
 'The Night Listener' 'You, Me and Dupree']" [INFO]
<2016-03-16 23:56:28> PCC_similarity.py[line:58] message:"average vect A : 3.700000 " [WARNING]
<2016-03-16 23:56:28> PCC_similarity.py[line:59] message:"average vect B : 2.833333 " [WARNING]
<2016-03-16 23:56:28> PCC_similarity.py[line:60] message:"0.500000 / sqrt(2.800000) * sqrt(2.138889) " [WARNING]
<2016-03-16 23:57:34> model.py[line:46] message:"create matrix for 8 users and 7 items" [INFO]
<2016-03-16 23:57:34> model.py[line:50] message:"PROGRESS: at user_id #0/8" [DEBUG]
<2016-03-16 23:57:34> model.py[line:50] message:"PROGRESS: at user_id #2/8" [DEBUG]
<2016-03-16 23:57:34> model.py[line:50] message:"PROGRESS: at user_id #4/8" [DEBUG]
<2016-03-16 23:57:34> model.py[line:50] message:"PROGRESS: at user_id #6/8" [DEBUG]
<2016-03-16 23:59:52> model.py[line:46] message:"create matrix for 8 users and 7 items" [INFO]
<2016-03-16 23:59:52> model.py[line:50] message:"PROGRESS: at user_id #0/8" [DEBUG]
<2016-03-16 23:59:52> model.py[line:50] message:"PROGRESS: at user_id #2/8" [DEBUG]
<2016-03-16 23:59:52> model.py[line:50] message:"PROGRESS: at user_id #4/8" [DEBUG]
<2016-03-16 23:59:52> model.py[line:50] message:"PROGRESS: at user_id #6/8" [DEBUG]
<2016-03-16 23:59:52> model.py[line:121] message:"preference_value item_id:Sheldom is not found" [WARNING]
